Trying to listen on port 15618
Hostname compute-0-37.local is listening on port 15618 with listenfd = 3
Node is compute-0-37.local and Master is compute-0-37.local. Number of workers is 1
Master calling cg_solve()
YEEEEEEEEEEEEEEEHH setup call huaa
Inside read_input_and_copy_to_GPUs
Reading inputs boy
Number of inputs = 2048
reading labels 
Okay boy.. reading and malloc done

Get loglikelihood starts
Total time for get_cholesky (n = 2048) = 2.084961
Total time for get_inverse_by_tmi (N = 2048) = 0.261394
Total time for lowertriangular_matrixmultiply_noshare = 0.681012
Time for compute_k_train: 0.006013
Time for compute_chol_get_mul_and_det: 3.039525
Total Time for get_log_likelihood: 3.045646

Total time for get_cholesky (n = 2048) = 2.053887
Time for forward_substitution_matrix = 4.105515
Time for backward_substitution_matrix = 4.081327
Time for Compute_K_inverse = 10.242279
Total time for compute_gradient_log_hp = 10.349003

Get loglikelihood starts
Total time for get_cholesky (n = 2048) = 2.072476
Total time for get_inverse_by_tmi (N = 2048) = 0.260946
Total time for lowertriangular_matrixmultiply_noshare = 0.680674
Time for compute_k_train: 0.003272
Time for compute_chol_get_mul_and_det: 3.022522
Total Time for get_log_likelihood: 3.025812

Total time for get_cholesky (n = 2048) = 2.072229
Time for forward_substitution_matrix = 4.096992
Time for backward_substitution_matrix = 4.114653
Time for Compute_K_inverse = 10.285424
Total time for compute_gradient_log_hp = 10.388682

Get loglikelihood starts
Total time for get_cholesky (n = 2048) = 2.072974
Total time for get_inverse_by_tmi (N = 2048) = 0.261582
Total time for lowertriangular_matrixmultiply_noshare = 0.681104
Time for compute_k_train: 0.003276
Time for compute_chol_get_mul_and_det: 3.024085
Total Time for get_log_likelihood: 3.027378

Total time for get_cholesky (n = 2048) = 2.073663
Time for forward_substitution_matrix = 4.096759
Time for backward_substitution_matrix = 4.115405
Time for Compute_K_inverse = 10.287376
Total time for compute_gradient_log_hp = 10.390869

Get loglikelihood starts
Total time for get_cholesky (n = 2048) = 2.075797
Total time for get_inverse_by_tmi (N = 2048) = 0.261712
Total time for lowertriangular_matrixmultiply_noshare = 0.682144
Time for compute_k_train: 0.003284
Time for compute_chol_get_mul_and_det: 3.028076
Total Time for get_log_likelihood: 3.031377

Total time for get_cholesky (n = 2048) = 2.076977
Time for forward_substitution_matrix = 4.088559
Time for backward_substitution_matrix = 4.113775
Time for Compute_K_inverse = 10.280863
Total time for compute_gradient_log_hp = 10.384326

Get loglikelihood starts
Total time for get_cholesky (n = 2048) = 2.077240
Total time for get_inverse_by_tmi (N = 2048) = 0.261839
Total time for lowertriangular_matrixmultiply_noshare = 0.682112
Time for compute_k_train: 0.003284
Time for compute_chol_get_mul_and_det: 3.029619
Total Time for get_log_likelihood: 3.032921

Total time for get_cholesky (n = 2048) = 2.076535
Time for forward_substitution_matrix = 4.089628
Time for backward_substitution_matrix = 4.117508
Time for Compute_K_inverse = 10.285222
Total time for compute_gradient_log_hp = 10.388636

Get loglikelihood starts
Total time for get_cholesky (n = 2048) = 2.073426
Total time for get_inverse_by_tmi (N = 2048) = 0.261911
Total time for lowertriangular_matrixmultiply_noshare = 0.683044
Time for compute_k_train: 0.003284
Time for compute_chol_get_mul_and_det: 3.026807
Total Time for get_log_likelihood: 3.030108

Total time for get_cholesky (n = 2048) = 2.073727
Time for forward_substitution_matrix = 4.091576
Time for backward_substitution_matrix = 4.116463
Time for Compute_K_inverse = 10.283317
Total time for compute_gradient_log_hp = 10.386739

Get loglikelihood starts
Total time for get_cholesky (n = 2048) = 2.076582
Total time for get_inverse_by_tmi (N = 2048) = 0.261326
Total time for lowertriangular_matrixmultiply_noshare = 0.682782
Time for compute_k_train: 0.003284
Time for compute_chol_get_mul_and_det: 3.029119
Total Time for get_log_likelihood: 3.032420

Total time for get_cholesky (n = 2048) = 2.077042
Time for forward_substitution_matrix = 4.093260
Time for backward_substitution_matrix = 4.117940
Time for Compute_K_inverse = 10.289796
Total time for compute_gradient_log_hp = 10.393505

Get loglikelihood starts
Total time for get_cholesky (n = 2048) = 2.076824
Total time for get_inverse_by_tmi (N = 2048) = 0.261516
Total time for lowertriangular_matrixmultiply_noshare = 0.683369
Time for compute_k_train: 0.003284
Time for compute_chol_get_mul_and_det: 3.030139
Total Time for get_log_likelihood: 3.033440

Total time for get_cholesky (n = 2048) = 2.076747
Time for forward_substitution_matrix = 4.093534
Time for backward_substitution_matrix = 4.119614
Time for Compute_K_inverse = 10.291448
Total time for compute_gradient_log_hp = 10.395156

Get loglikelihood starts
Total time for get_cholesky (n = 2048) = 2.077220
Total time for get_inverse_by_tmi (N = 2048) = 0.261653
Total time for lowertriangular_matrixmultiply_noshare = 0.683790
Time for compute_k_train: 0.003289
Time for compute_chol_get_mul_and_det: 3.031093
Total Time for get_log_likelihood: 3.034399

Total time for get_cholesky (n = 2048) = 2.078613
Time for forward_substitution_matrix = 4.094730
Time for backward_substitution_matrix = 4.120662
Time for Compute_K_inverse = 10.295558
Total time for compute_gradient_log_hp = 10.399241

Get loglikelihood starts
Total time for get_cholesky (n = 2048) = 2.079200
Total time for get_inverse_by_tmi (N = 2048) = 0.262218
Total time for lowertriangular_matrixmultiply_noshare = 0.683821
Time for compute_k_train: 0.003290
Time for compute_chol_get_mul_and_det: 3.033668
Total Time for get_log_likelihood: 3.036975

Total time for get_cholesky (n = 2048) = 2.078663
Time for forward_substitution_matrix = 4.095129
Time for backward_substitution_matrix = 4.120324
Time for Compute_K_inverse = 10.295669
Total time for compute_gradient_log_hp = 10.399344

Get loglikelihood starts
Total time for get_cholesky (n = 2048) = 2.077552
Total time for get_inverse_by_tmi (N = 2048) = 0.262208
Total time for lowertriangular_matrixmultiply_noshare = 0.683876
Time for compute_k_train: 0.003296
Time for compute_chol_get_mul_and_det: 3.032064
Total Time for get_log_likelihood: 3.035377

Total time for get_cholesky (n = 2048) = 2.074970
Time for forward_substitution_matrix = 4.096496
Time for backward_substitution_matrix = 4.121197
Time for Compute_K_inverse = 10.294216
Total time for compute_gradient_log_hp = 10.397682

Get loglikelihood starts
Total time for get_cholesky (n = 2048) = 2.076108
Total time for get_inverse_by_tmi (N = 2048) = 0.261277
Total time for lowertriangular_matrixmultiply_noshare = 0.682219
Time for compute_k_train: 0.003293
Time for compute_chol_get_mul_and_det: 3.028031
Total Time for get_log_likelihood: 3.031341

Total time for get_cholesky (n = 2048) = 2.078236
Time for forward_substitution_matrix = 4.095755
Time for backward_substitution_matrix = 4.123284
Time for Compute_K_inverse = 10.298827
Total time for compute_gradient_log_hp = 10.402165

Get loglikelihood starts
Total time for get_cholesky (n = 2048) = 2.077854
Total time for get_inverse_by_tmi (N = 2048) = 0.261040
Total time for lowertriangular_matrixmultiply_noshare = 0.684065
Time for compute_k_train: 0.003287
Time for compute_chol_get_mul_and_det: 3.031387
Total Time for get_log_likelihood: 3.034691

Total time for get_cholesky (n = 2048) = 2.077504
Time for forward_substitution_matrix = 4.097759
Time for backward_substitution_matrix = 4.122103
Time for Compute_K_inverse = 10.298918
Total time for compute_gradient_log_hp = 10.402580

Get loglikelihood starts
Total time for get_cholesky (n = 2048) = 2.077304
Total time for get_inverse_by_tmi (N = 2048) = 0.261455
Total time for lowertriangular_matrixmultiply_noshare = 0.681242
Time for compute_k_train: 0.003288
Time for compute_chol_get_mul_and_det: 3.028428
Total Time for get_log_likelihood: 3.031734

Total time for get_cholesky (n = 2048) = 2.077883
Time for forward_substitution_matrix = 4.099235
Time for backward_substitution_matrix = 4.123915
Time for Compute_K_inverse = 10.302586
Total time for compute_gradient_log_hp = 10.406340

Get loglikelihood starts
Total time for get_cholesky (n = 2048) = 2.078641
Total time for get_inverse_by_tmi (N = 2048) = 0.261704
Total time for lowertriangular_matrixmultiply_noshare = 0.684190
Time for compute_k_train: 0.003292
Time for compute_chol_get_mul_and_det: 3.032965
Total Time for get_log_likelihood: 3.036276

Total time for get_cholesky (n = 2048) = 2.078751
Time for forward_substitution_matrix = 4.097426
Time for backward_substitution_matrix = 4.122107
Time for Compute_K_inverse = 10.299838
Total time for compute_gradient_log_hp = 10.403419

Get loglikelihood starts
Total time for get_cholesky (n = 2048) = 2.077657
Total time for get_inverse_by_tmi (N = 2048) = 0.261995
Total time for lowertriangular_matrixmultiply_noshare = 0.682563
Time for compute_k_train: 0.003285
Time for compute_chol_get_mul_and_det: 3.030645
Total Time for get_log_likelihood: 3.033947

Total time for get_cholesky (n = 2048) = 2.076337
Time for forward_substitution_matrix = 4.098115
Time for backward_substitution_matrix = 4.111513
Time for Compute_K_inverse = 10.287517
Total time for compute_gradient_log_hp = 10.391069

Get loglikelihood starts
Total time for get_cholesky (n = 2048) = 2.075123
Total time for get_inverse_by_tmi (N = 2048) = 0.262379
Total time for lowertriangular_matrixmultiply_noshare = 0.681306
Time for compute_k_train: 0.003290
Time for compute_chol_get_mul_and_det: 3.027237
Total Time for get_log_likelihood: 3.030544

Total time for get_cholesky (n = 2048) = 2.076797
Time for forward_substitution_matrix = 4.097663
Time for backward_substitution_matrix = 4.124131
Time for Compute_K_inverse = 10.300144
Total time for compute_gradient_log_hp = 10.403751

Get loglikelihood starts
Total time for get_cholesky (n = 2048) = 2.077463
Total time for get_inverse_by_tmi (N = 2048) = 0.262268
Total time for lowertriangular_matrixmultiply_noshare = 0.682438
Time for compute_k_train: 0.003290
Time for compute_chol_get_mul_and_det: 3.030598
Total Time for get_log_likelihood: 3.033905

Total time for get_cholesky (n = 2048) = 2.077166
Time for forward_substitution_matrix = 4.097631
Time for backward_substitution_matrix = 4.126443
Time for Compute_K_inverse = 10.302794
Total time for compute_gradient_log_hp = 10.406692

Get loglikelihood starts
Total time for get_cholesky (n = 2048) = 2.077784
Total time for get_inverse_by_tmi (N = 2048) = 0.262530
Total time for lowertriangular_matrixmultiply_noshare = 0.682616
Time for compute_k_train: 0.003290
Time for compute_chol_get_mul_and_det: 3.031361
Total Time for get_log_likelihood: 3.034670

Total time for get_cholesky (n = 2048) = 2.078046
Time for forward_substitution_matrix = 4.099314
Time for backward_substitution_matrix = 4.122815
Time for Compute_K_inverse = 10.301728
Total time for compute_gradient_log_hp = 10.405297

Get loglikelihood starts
Total time for get_cholesky (n = 2048) = 2.078601
Total time for get_inverse_by_tmi (N = 2048) = 0.261599
Total time for lowertriangular_matrixmultiply_noshare = 0.684806
Time for compute_k_train: 0.003289
Time for compute_chol_get_mul_and_det: 3.033435
Total Time for get_log_likelihood: 3.036742

Total time for get_cholesky (n = 2048) = 2.078833
Time for forward_substitution_matrix = 4.097542
Time for backward_substitution_matrix = 4.120193
Time for Compute_K_inverse = 10.298122
Total time for compute_gradient_log_hp = 10.401963

Get loglikelihood starts
Total time for get_cholesky (n = 2048) = 2.078858
Total time for get_inverse_by_tmi (N = 2048) = 0.261721
Total time for lowertriangular_matrixmultiply_noshare = 0.682459
Time for compute_k_train: 0.003292
Time for compute_chol_get_mul_and_det: 3.031466
Total Time for get_log_likelihood: 3.034775

Total time for get_cholesky (n = 2048) = 2.077424
Time for forward_substitution_matrix = 4.098185
Time for backward_substitution_matrix = 4.122607
Time for Compute_K_inverse = 10.299768
Total time for compute_gradient_log_hp = 10.403263

Get loglikelihood starts
Total time for get_cholesky (n = 2048) = 2.075665
Total time for get_inverse_by_tmi (N = 2048) = 0.262275
Total time for lowertriangular_matrixmultiply_noshare = 0.682730
Time for compute_k_train: 0.003289
Time for compute_chol_get_mul_and_det: 3.029103
Total Time for get_log_likelihood: 3.032409

Total time for get_cholesky (n = 2048) = 2.075789
Time for forward_substitution_matrix = 4.099694
Time for backward_substitution_matrix = 4.124276
Time for Compute_K_inverse = 10.301311
Total time for compute_gradient_log_hp = 10.404990

Get loglikelihood starts
Total time for get_cholesky (n = 2048) = 2.077717
Total time for get_inverse_by_tmi (N = 2048) = 0.262213
Total time for lowertriangular_matrixmultiply_noshare = 0.682820
Time for compute_k_train: 0.003289
Time for compute_chol_get_mul_and_det: 3.031181
Total Time for get_log_likelihood: 3.034487

Total time for get_cholesky (n = 2048) = 2.077671
Time for forward_substitution_matrix = 4.099328
Time for backward_substitution_matrix = 4.123339
Time for Compute_K_inverse = 10.301892
Total time for compute_gradient_log_hp = 10.405957

Get loglikelihood starts
Total time for get_cholesky (n = 2048) = 2.077710
Total time for get_inverse_by_tmi (N = 2048) = 0.261737
Total time for lowertriangular_matrixmultiply_noshare = 0.682819
Time for compute_k_train: 0.003290
Time for compute_chol_get_mul_and_det: 3.030697
Total Time for get_log_likelihood: 3.034005

Total time for get_cholesky (n = 2048) = 2.078132
Time for forward_substitution_matrix = 4.099135
Time for backward_substitution_matrix = 4.123240
Time for Compute_K_inverse = 10.302060
Total time for compute_gradient_log_hp = 10.405692

Get loglikelihood starts
Total time for get_cholesky (n = 2048) = 2.078108
Total time for get_inverse_by_tmi (N = 2048) = 0.261394
Total time for lowertriangular_matrixmultiply_noshare = 0.681416
Time for compute_k_train: 0.003294
Time for compute_chol_get_mul_and_det: 3.029348
Total Time for get_log_likelihood: 3.032659

Total time for get_cholesky (n = 2048) = 2.078956
Time for forward_substitution_matrix = 4.101155
Time for backward_substitution_matrix = 4.132379
Time for Compute_K_inverse = 10.314045
Total time for compute_gradient_log_hp = 10.417608

Get loglikelihood starts
Total time for get_cholesky (n = 2048) = 2.079251
Total time for get_inverse_by_tmi (N = 2048) = 0.262136
Total time for lowertriangular_matrixmultiply_noshare = 0.683016
Time for compute_k_train: 0.003292
Time for compute_chol_get_mul_and_det: 3.032833
Total Time for get_log_likelihood: 3.036143

Total time for get_cholesky (n = 2048) = 2.078729
Time for forward_substitution_matrix = 4.099703
Time for backward_substitution_matrix = 4.127744
Time for Compute_K_inverse = 10.307729
Total time for compute_gradient_log_hp = 10.411877

Get loglikelihood starts
Total time for get_cholesky (n = 2048) = 2.077468
Total time for get_inverse_by_tmi (N = 2048) = 0.261610
Total time for lowertriangular_matrixmultiply_noshare = 0.681343
Time for compute_k_train: 0.003292
Time for compute_chol_get_mul_and_det: 3.028850
Total Time for get_log_likelihood: 3.032162

Total time for get_cholesky (n = 2048) = 2.076190
Time for forward_substitution_matrix = 4.101339
Time for backward_substitution_matrix = 4.125372
Time for Compute_K_inverse = 10.304454
Total time for compute_gradient_log_hp = 10.408240

Get loglikelihood starts
Total time for get_cholesky (n = 2048) = 2.075969
Total time for get_inverse_by_tmi (N = 2048) = 0.261634
Total time for lowertriangular_matrixmultiply_noshare = 0.682545
Time for compute_k_train: 0.003289
Time for compute_chol_get_mul_and_det: 3.028576
Total Time for get_log_likelihood: 3.031882

Total time for get_cholesky (n = 2048) = 2.078059
Time for forward_substitution_matrix = 4.100179
Time for backward_substitution_matrix = 4.128335
Time for Compute_K_inverse = 10.308126
Total time for compute_gradient_log_hp = 10.411698

Get loglikelihood starts
Total time for get_cholesky (n = 2048) = 2.077640
Total time for get_inverse_by_tmi (N = 2048) = 0.261263
Total time for lowertriangular_matrixmultiply_noshare = 0.682695
Time for compute_k_train: 0.003295
Time for compute_chol_get_mul_and_det: 3.030029
Total Time for get_log_likelihood: 3.033341

Total time for get_cholesky (n = 2048) = 2.078257
Time for forward_substitution_matrix = 4.100209
Time for backward_substitution_matrix = 4.122901
Time for Compute_K_inverse = 10.302921
Total time for compute_gradient_log_hp = 10.406293

Get loglikelihood starts
Total time for get_cholesky (n = 2048) = 2.078087
Total time for get_inverse_by_tmi (N = 2048) = 0.261642
Total time for lowertriangular_matrixmultiply_noshare = 0.682830
Time for compute_k_train: 0.003290
Time for compute_chol_get_mul_and_det: 3.030991
Total Time for get_log_likelihood: 3.034298

Total time for get_cholesky (n = 2048) = 2.078958
Time for forward_substitution_matrix = 4.111341
Time for backward_substitution_matrix = 4.129951
Time for Compute_K_inverse = 10.321801
Total time for compute_gradient_log_hp = 10.425436

Get loglikelihood starts
Total time for get_cholesky (n = 2048) = 2.079150
Total time for get_inverse_by_tmi (N = 2048) = 0.261783
Total time for lowertriangular_matrixmultiply_noshare = 0.682771
Time for compute_k_train: 0.003295
Time for compute_chol_get_mul_and_det: 3.032133
Total Time for get_log_likelihood: 3.035445

Total time for get_cholesky (n = 2048) = 2.079191
Time for forward_substitution_matrix = 4.099846
Time for backward_substitution_matrix = 4.128206
Time for Compute_K_inverse = 10.308796
Total time for compute_gradient_log_hp = 10.412255

Get loglikelihood starts
Total time for get_cholesky (n = 2048) = 2.077845
Total time for get_inverse_by_tmi (N = 2048) = 0.261588
Total time for lowertriangular_matrixmultiply_noshare = 0.681216
Time for compute_k_train: 0.003289
Time for compute_chol_get_mul_and_det: 3.029079
Total Time for get_log_likelihood: 3.032384

Total time for get_cholesky (n = 2048) = 2.077493
Time for forward_substitution_matrix = 4.099238
Time for backward_substitution_matrix = 4.130147
Time for Compute_K_inverse = 10.308431
Total time for compute_gradient_log_hp = 10.412334

Get loglikelihood starts
Total time for get_cholesky (n = 2048) = 2.075304
Total time for get_inverse_by_tmi (N = 2048) = 0.262211
Total time for lowertriangular_matrixmultiply_noshare = 0.681509
Time for compute_k_train: 0.003295
Time for compute_chol_get_mul_and_det: 3.027459
Total Time for get_log_likelihood: 3.030772

Total time for get_cholesky (n = 2048) = 2.077158
Time for forward_substitution_matrix = 4.100277
Time for backward_substitution_matrix = 4.123110
Time for Compute_K_inverse = 10.302096
Total time for compute_gradient_log_hp = 10.405808

Get loglikelihood starts
Total time for get_cholesky (n = 2048) = 2.077661
Total time for get_inverse_by_tmi (N = 2048) = 0.262087
Total time for lowertriangular_matrixmultiply_noshare = 0.682833
Time for compute_k_train: 0.003289
Time for compute_chol_get_mul_and_det: 3.031008
Total Time for get_log_likelihood: 3.034315

Total time for get_cholesky (n = 2048) = 2.077325
Time for forward_substitution_matrix = 4.100425
Time for backward_substitution_matrix = 4.127787
Time for Compute_K_inverse = 10.307090
Total time for compute_gradient_log_hp = 10.410572

Get loglikelihood starts
Total time for get_cholesky (n = 2048) = 2.077985
Total time for get_inverse_by_tmi (N = 2048) = 0.261754
Total time for lowertriangular_matrixmultiply_noshare = 0.682852
Time for compute_k_train: 0.003291
Time for compute_chol_get_mul_and_det: 3.031023
Total Time for get_log_likelihood: 3.034334

Total time for get_cholesky (n = 2048) = 2.078372
Time for forward_substitution_matrix = 4.099712
Time for backward_substitution_matrix = 4.122709
Time for Compute_K_inverse = 10.302347
Total time for compute_gradient_log_hp = 10.405972

Get loglikelihood starts
Total time for get_cholesky (n = 2048) = 2.078567
Total time for get_inverse_by_tmi (N = 2048) = 0.261580
Total time for lowertriangular_matrixmultiply_noshare = 0.682447
Time for compute_k_train: 0.003289
Time for compute_chol_get_mul_and_det: 3.031021
Total Time for get_log_likelihood: 3.034328

Total time for get_cholesky (n = 2048) = 2.078786
Time for forward_substitution_matrix = 4.098639
Time for backward_substitution_matrix = 4.128680
Time for Compute_K_inverse = 10.307661
Total time for compute_gradient_log_hp = 10.411013

Get loglikelihood starts
Total time for get_cholesky (n = 2048) = 2.078372
Total time for get_inverse_by_tmi (N = 2048) = 0.261901
Total time for lowertriangular_matrixmultiply_noshare = 0.682329
Time for compute_k_train: 0.003287
Time for compute_chol_get_mul_and_det: 3.031033
Total Time for get_log_likelihood: 3.034337

Total time for get_cholesky (n = 2048) = 2.077450
Time for forward_substitution_matrix = 4.099203
Time for backward_substitution_matrix = 4.122702
Time for Compute_K_inverse = 10.300909
Total time for compute_gradient_log_hp = 10.404512

Get loglikelihood starts
Total time for get_cholesky (n = 2048) = 2.076263
Total time for get_inverse_by_tmi (N = 2048) = 0.261806
Total time for lowertriangular_matrixmultiply_noshare = 0.682687
Time for compute_k_train: 0.003294
Time for compute_chol_get_mul_and_det: 3.029184
Total Time for get_log_likelihood: 3.032495

Total time for get_cholesky (n = 2048) = 2.075620
Time for forward_substitution_matrix = 4.099295
Time for backward_substitution_matrix = 4.126800
Time for Compute_K_inverse = 10.303269
Total time for compute_gradient_log_hp = 10.406899

Get loglikelihood starts
Total time for get_cholesky (n = 2048) = 2.077563
Total time for get_inverse_by_tmi (N = 2048) = 0.261855
Total time for lowertriangular_matrixmultiply_noshare = 0.682603
Time for compute_k_train: 0.003288
Time for compute_chol_get_mul_and_det: 3.030451
Total Time for get_log_likelihood: 3.033756

Total time for get_cholesky (n = 2048) = 2.077204
Time for forward_substitution_matrix = 4.098544
Time for backward_substitution_matrix = 4.125018
Time for Compute_K_inverse = 10.302319
Total time for compute_gradient_log_hp = 10.405828

Get loglikelihood starts
Total time for get_cholesky (n = 2048) = 2.077228
Total time for get_inverse_by_tmi (N = 2048) = 0.262210
Total time for lowertriangular_matrixmultiply_noshare = 0.682580
Time for compute_k_train: 0.003291
Time for compute_chol_get_mul_and_det: 3.030448
Total Time for get_log_likelihood: 3.033756

Total time for get_cholesky (n = 2048) = 2.077296
Time for forward_substitution_matrix = 4.108277
Time for backward_substitution_matrix = 4.125298
Time for Compute_K_inverse = 10.312423
Total time for compute_gradient_log_hp = 10.416217

Get loglikelihood starts
Total time for get_cholesky (n = 2048) = 2.078058
Total time for get_inverse_by_tmi (N = 2048) = 0.261401
Total time for lowertriangular_matrixmultiply_noshare = 0.682552
Time for compute_k_train: 0.003289
Time for compute_chol_get_mul_and_det: 3.030438
Total Time for get_log_likelihood: 3.033744

Total time for get_cholesky (n = 2048) = 2.078498
Time for forward_substitution_matrix = 4.098324
Time for backward_substitution_matrix = 4.127026
Time for Compute_K_inverse = 10.305403
Total time for compute_gradient_log_hp = 10.409121

