Trying to listen on port 15618
Hostname compute-0-21.local is listening on port 15618 with listenfd = 3
Node is compute-0-21.local and Master is compute-0-37.local. Number of workers is 4
Host compute-0-21.local connected to master, connfd is 4
Host compute-0-21.local got worker id as 2
Worker skipping cg_solve(), instead calling accept_commands
YEEEEEEEEEEEEEEEHH setup call huaa
Inside read_input_and_copy_to_GPUs
Reading inputs boy
Number of inputs = 32
reading labels 
Okay boy.. reading and malloc done

Node compute-0-21.local waiting for a command
Node compute-0-21.local will start computing log likelihood
Total time taken in cholesky = 0.001648 s
FINAL ERROR = 0.000000
Determinant is 48.366423
num_iters is 4
Total threads launched: 32
Time for iter 0: 0.000041
Total threads launched: 64
Time for iter 1: 0.000039
Total threads launched: 128
Time for iter 2: 0.000044
Total threads launched: 256
Time for iter 3: 0.000056
Total sum: 32.000000
The value of loglikelihood = -54.661560
Node compute-0-21.local waiting for a command
Node compute-0-21.local will start computing gradient log hyperparams
Yahi hai Kinv
Total time taken in cholesky = 0.001612 s
FINAL ERROR = 0.000000
Why yaar? para2 = 59.710287
Dekho bhai -3.399438
9.025125
20.830018
Node compute-0-21.local waiting for a command
Node compute-0-21.local expecing log hyperparams to be set
------------------
slave set the value of HP as
0.501415
0.495803
0.489991

------------------
Dekho bhai naya value AYAA

0.501415
0.495803
0.489991
Node compute-0-21.local waiting for a command
Node compute-0-21.local will start computing log likelihood
Total time taken in cholesky = 0.001664 s
FINAL ERROR = 0.000000
Determinant is 47.834150
num_iters is 4
Total threads launched: 32
Time for iter 0: 0.000042
Total threads launched: 64
Time for iter 1: 0.000042
Total threads launched: 128
Time for iter 2: 0.000046
Total threads launched: 256
Time for iter 3: 0.000057
Total sum: 32.000000
The value of loglikelihood = -54.410567
Node compute-0-21.local waiting for a command
Node compute-0-21.local will start computing gradient log hyperparams
Yahi hai Kinv
Total time taken in cholesky = 0.001612 s
FINAL ERROR = 0.000000
Why yaar? para2 = 59.649713
Dekho bhai -3.429748
9.045177
20.779680
Node compute-0-21.local waiting for a command
Node compute-0-21.local expecing log hyperparams to be set
------------------
slave set the value of HP as
0.504245
0.487409
0.469972

------------------
Dekho bhai naya value AYAA

0.504245
0.487409
0.469972
Node compute-0-21.local waiting for a command
Node compute-0-21.local will start computing log likelihood
Total time taken in cholesky = 0.001649 s
FINAL ERROR = 0.000000
Determinant is 46.770668
num_iters is 4
Total threads launched: 32
Time for iter 0: 0.000040
Total threads launched: 64
Time for iter 1: 0.000042
Total threads launched: 128
Time for iter 2: 0.000046
Total threads launched: 256
Time for iter 3: 0.000057
Total sum: 32.000000
The value of loglikelihood = -53.909715
Node compute-0-21.local waiting for a command
Node compute-0-21.local will start computing gradient log hyperparams
Yahi hai Kinv
Total time taken in cholesky = 0.001613 s
FINAL ERROR = 0.000000
Why yaar? para2 = 59.526156
Dekho bhai -3.490339
9.084063
20.679015
Node compute-0-21.local waiting for a command
Node compute-0-21.local expecing log hyperparams to be set
------------------
slave set the value of HP as
0.512734
0.462227
0.409917

------------------
Dekho bhai naya value AYAA

0.512734
0.462227
0.409917
Node compute-0-21.local waiting for a command
Node compute-0-21.local will start computing log likelihood
Total time taken in cholesky = 0.001662 s
FINAL ERROR = 0.000000
Determinant is 43.588615
num_iters is 4
Total threads launched: 32
Time for iter 0: 0.000041
Total threads launched: 64
Time for iter 1: 0.000042
Total threads launched: 128
Time for iter 2: 0.000046
Total threads launched: 256
Time for iter 3: 0.000058
Total sum: 32.000000
The value of loglikelihood = -52.416363
Node compute-0-21.local waiting for a command
Node compute-0-21.local will start computing gradient log hyperparams
Yahi hai Kinv
Total time taken in cholesky = 0.001604 s
FINAL ERROR = 0.000000
Why yaar? para2 = 59.135461
Dekho bhai -3.671428
9.190588
20.377142
Node compute-0-21.local waiting for a command
Node compute-0-21.local expecing log hyperparams to be set
------------------
slave set the value of HP as
0.538202
0.386681
0.229750

------------------
Dekho bhai naya value AYAA

0.538202
0.386681
0.229750
Node compute-0-21.local waiting for a command
Node compute-0-21.local will start computing log likelihood
Total time taken in cholesky = 0.001595 s
FINAL ERROR = 0.000000
Determinant is 34.114445
num_iters is 4
Total threads launched: 32
Time for iter 0: 0.000041
Total threads launched: 64
Time for iter 1: 0.000042
Total threads launched: 128
Time for iter 2: 0.000046
Total threads launched: 256
Time for iter 3: 0.000058
Total sum: 32.000000
The value of loglikelihood = -48.022767
Node compute-0-21.local waiting for a command
Node compute-0-21.local will start computing gradient log hyperparams
Yahi hai Kinv
Total time taken in cholesky = 0.001629 s
FINAL ERROR = 0.000000
Why yaar? para2 = 57.761503
Dekho bhai -4.195062
9.408017
19.472735
Node compute-0-21.local waiting for a command
Node compute-0-21.local expecing log hyperparams to be set
------------------
slave set the value of HP as
0.614606
0.160044
-0.310750

------------------
Dekho bhai naya value AYAA

0.614606
0.160044
-0.310750
Node compute-0-21.local waiting for a command
Node compute-0-21.local will start computing log likelihood
Total time taken in cholesky = 0.001596 s
FINAL ERROR = 0.000000
Determinant is 6.237507
num_iters is 4
Total threads launched: 32
Time for iter 0: 0.000041
Total threads launched: 64
Time for iter 1: 0.000040
Total threads launched: 128
Time for iter 2: 0.000046
Total threads launched: 256
Time for iter 3: 0.000057
Total sum: 32.000000
The value of loglikelihood = -35.765260
Node compute-0-21.local waiting for a command
Node compute-0-21.local will start computing gradient log hyperparams
Yahi hai Kinv
Total time taken in cholesky = 0.001622 s
FINAL ERROR = 0.000000
Why yaar? para2 = 51.037654
Dekho bhai -5.058116
8.784468
16.734359
Node compute-0-21.local waiting for a command
Node compute-0-21.local expecing log hyperparams to be set
------------------
slave set the value of HP as
0.843817
-0.519868
-1.932251

------------------
Dekho bhai naya value AYAA

0.843817
-0.519868
-1.932251
Node compute-0-21.local waiting for a command
Node compute-0-21.local will start computing log likelihood
Total time taken in cholesky = 0.001597 s
FINAL ERROR = 0.000000
Determinant is -75.144912
num_iters is 4
Total threads launched: 32
Time for iter 0: 0.000041
Total threads launched: 64
Time for iter 1: 0.000041
Total threads launched: 128
Time for iter 2: 0.000047
Total threads launched: 256
Time for iter 3: 0.000057
Total sum: 32.000000
The value of loglikelihood = -21.892009
Node compute-0-21.local waiting for a command
Node compute-0-21.local will start computing gradient log hyperparams
Yahi hai Kinv
Total time taken in cholesky = 0.001620 s
FINAL ERROR = 0.000000
Why yaar? para2 = -56.234178
Dekho bhai 52.104392
-28.957510
0.840421
Node compute-0-21.local waiting for a command
Node compute-0-21.local expecing log hyperparams to be set
------------------
slave set the value of HP as
0.723436
-0.162780
-1.080644

------------------
Dekho bhai naya value AYAA

0.723436
-0.162780
-1.080644
Node compute-0-21.local waiting for a command
Node compute-0-21.local will start computing log likelihood
Total time taken in cholesky = 0.001622 s
FINAL ERROR = 0.000000
Determinant is -32.571233
num_iters is 4
Total threads launched: 32
Time for iter 0: 0.000041
Total threads launched: 64
Time for iter 1: 0.000041
Total threads launched: 128
Time for iter 2: 0.000045
Total threads launched: 256
Time for iter 3: 0.000057
Total sum: 32.000000
The value of loglikelihood = -22.239783
Node compute-0-21.local waiting for a command
Node compute-0-21.local will start computing gradient log hyperparams
Yahi hai Kinv
Total time taken in cholesky = 0.001546 s
FINAL ERROR = 0.000000
Why yaar? para2 = 27.522082
Dekho bhai 1.026438
1.698399
12.062642
Node compute-0-21.local waiting for a command
Node compute-0-21.local expecing log hyperparams to be set
------------------
slave set the value of HP as
0.820912
-0.451925
-1.770217

------------------
Dekho bhai naya value AYAA

0.820912
-0.451925
-1.770217
Node compute-0-21.local waiting for a command
Node compute-0-21.local will start computing log likelihood
Total time taken in cholesky = 0.001589 s
FINAL ERROR = 0.000000
Determinant is -67.035241
num_iters is 4
Total threads launched: 32
Time for iter 0: 0.000040
Total threads launched: 64
Time for iter 1: 0.000042
Total threads launched: 128
Time for iter 2: 0.000046
Total threads launched: 256
Time for iter 3: 0.000056
Total sum: 32.000000
The value of loglikelihood = -19.682691
Node compute-0-21.local waiting for a command
Node compute-0-21.local will start computing gradient log hyperparams
Yahi hai Kinv
Total time taken in cholesky = 0.001567 s
FINAL ERROR = 0.000000
Why yaar? para2 = -31.177568
Dekho bhai 34.506745
-19.684994
4.096210
Node compute-0-21.local waiting for a command
Node compute-0-21.local expecing log hyperparams to be set
------------------
slave set the value of HP as
0.811164
-0.423011
-1.701260

------------------
Dekho bhai naya value AYAA

0.811164
-0.423011
-1.701260
Node compute-0-21.local waiting for a command
Node compute-0-21.local will start computing log likelihood
Total time taken in cholesky = 0.001661 s
FINAL ERROR = 0.000000
Determinant is -63.587140
num_iters is 4
Total threads launched: 32
Time for iter 0: 0.000039
Total threads launched: 64
Time for iter 1: 0.000039
Total threads launched: 128
Time for iter 2: 0.000044
Total threads launched: 256
Time for iter 3: 0.000054
Total sum: 32.000000
The value of loglikelihood = -19.178253
Node compute-0-21.local waiting for a command
Node compute-0-21.local will start computing gradient log hyperparams
Yahi hai Kinv
Total time taken in cholesky = 0.001519 s
FINAL ERROR = 0.000000
Why yaar? para2 = -22.263611
Dekho bhai 28.595596
-16.386706
5.254900
Node compute-0-21.local waiting for a command
Node compute-0-21.local expecing log hyperparams to be set
------------------
slave set the value of HP as
0.802392
-0.396988
-1.639198

------------------
Dekho bhai naya value AYAA

0.802392
-0.396988
-1.639198
Node compute-0-21.local waiting for a command
Node compute-0-21.local will start computing log likelihood
Total time taken in cholesky = 0.001601 s
FINAL ERROR = 0.000000
Determinant is -60.485062
num_iters is 4
Total threads launched: 32
Time for iter 0: 0.000039
Total threads launched: 64
Time for iter 1: 0.000039
Total threads launched: 128
Time for iter 2: 0.000044
Total threads launched: 256
Time for iter 3: 0.000056
Total sum: 32.000000
The value of loglikelihood = -18.913252
Node compute-0-21.local waiting for a command
Node compute-0-21.local will start computing gradient log hyperparams
Yahi hai Kinv
Total time taken in cholesky = 0.001602 s
FINAL ERROR = 0.000000
Why yaar? para2 = -14.999452
Dekho bhai 23.942129
-13.702216
6.202490
Node compute-0-21.local waiting for a command
Node compute-0-21.local expecing log hyperparams to be set
------------------
slave set the value of HP as
0.794496
-0.373567
-1.583343

------------------
Dekho bhai naya value AYAA

0.794496
-0.373567
-1.583343
Node compute-0-21.local waiting for a command
Node compute-0-21.local will start computing log likelihood
Total time taken in cholesky = 0.001524 s
FINAL ERROR = 0.000000
Determinant is -57.693952
num_iters is 4
Total threads launched: 32
Time for iter 0: 0.000039
Total threads launched: 64
Time for iter 1: 0.000038
Total threads launched: 128
Time for iter 2: 0.000044
Total threads launched: 256
Time for iter 3: 0.000056
Total sum: 32.000000
The value of loglikelihood = -18.813073
Node compute-0-21.local waiting for a command
Node compute-0-21.local will start computing gradient log hyperparams
Yahi hai Kinv
Total time taken in cholesky = 0.001620 s
FINAL ERROR = 0.000000
Why yaar? para2 = -9.016518
Dekho bhai 20.233466
-11.495371
6.987112
Node compute-0-21.local waiting for a command
Node compute-0-21.local expecing log hyperparams to be set
------------------
slave set the value of HP as
-0.390826
-0.416417
-4.472175

------------------
Dekho bhai naya value AYAA

-0.390826
-0.416417
-4.472175
Node compute-0-21.local waiting for a command
Node compute-0-21.local will start computing log likelihood
Total time taken in cholesky = 0.001499 s
FINAL ERROR = 0.000000
Determinant is -32.161215
num_iters is 4
Total threads launched: 32
Time for iter 0: 0.000040
Total threads launched: 64
Time for iter 1: 0.000041
Total threads launched: 128
Time for iter 2: 0.000047
Total threads launched: 256
Time for iter 3: 0.000057
Total sum: 32.000000
The value of loglikelihood = -26.253971
Node compute-0-21.local waiting for a command
Node compute-0-21.local will start computing gradient log hyperparams
Yahi hai Kinv
Total time taken in cholesky = 0.001607 s
FINAL ERROR = 0.000000
Why yaar? para2 = 12.285365
Dekho bhai -13.241568
6.134413
0.008270
Node compute-0-21.local waiting for a command
Node compute-0-21.local expecing log hyperparams to be set
------------------
slave set the value of HP as
0.240747
-0.393585
-2.932923

------------------
Dekho bhai naya value AYAA

0.240747
-0.393585
-2.932923
Node compute-0-21.local waiting for a command
Node compute-0-21.local will start computing log likelihood
Total time taken in cholesky = 0.001588 s
FINAL ERROR = 0.000000
Determinant is -51.662498
num_iters is 4
Total threads launched: 32
Time for iter 0: 0.000042
Total threads launched: 64
Time for iter 1: 0.000041
Total threads launched: 128
Time for iter 2: 0.000046
Total threads launched: 256
Time for iter 3: 0.000057
Total sum: 32.000000
The value of loglikelihood = -15.206461
Node compute-0-21.local waiting for a command
Node compute-0-21.local will start computing gradient log hyperparams
Yahi hai Kinv
Total time taken in cholesky = 0.001622 s
FINAL ERROR = 0.000000
Why yaar? para2 = 17.472842
Dekho bhai -21.089356
7.501808
1.234613
Node compute-0-21.local waiting for a command
Node compute-0-21.local expecing log hyperparams to be set
------------------
slave set the value of HP as
0.739121
-0.375569
-1.718301

------------------
Dekho bhai naya value AYAA

0.739121
-0.375569
-1.718301
Node compute-0-21.local waiting for a command
Node compute-0-21.local will start computing log likelihood
Total time taken in cholesky = 0.001613 s
FINAL ERROR = 0.000000
Determinant is -59.776451
num_iters is 4
Total threads launched: 32
Time for iter 0: 0.000041
Total threads launched: 64
Time for iter 1: 0.000041
Total threads launched: 128
Time for iter 2: 0.000046
Total threads launched: 256
Time for iter 3: 0.000057
Total sum: 32.000000
The value of loglikelihood = -16.903964
Node compute-0-21.local waiting for a command
Node compute-0-21.local will start computing gradient log hyperparams
Yahi hai Kinv
Total time taken in cholesky = 0.001624 s
FINAL ERROR = 0.000000
Why yaar? para2 = -5.545077
Dekho bhai 14.834184
-9.914300
7.141761
Node compute-0-21.local waiting for a command
Node compute-0-21.local expecing log hyperparams to be set
------------------
slave set the value of HP as
0.689284
-0.377370
-1.839763

------------------
Dekho bhai naya value AYAA

0.689284
-0.377370
-1.839763
Node compute-0-21.local waiting for a command
Node compute-0-21.local will start computing log likelihood
Total time taken in cholesky = 0.001595 s
FINAL ERROR = 0.000000
Determinant is -61.042938
num_iters is 4
Total threads launched: 32
Time for iter 0: 0.000041
Total threads launched: 64
Time for iter 1: 0.000040
Total threads launched: 128
Time for iter 2: 0.000045
Total threads launched: 256
Time for iter 3: 0.000056
Total sum: 32.000000
The value of loglikelihood = -15.447199
Node compute-0-21.local waiting for a command
Node compute-0-21.local will start computing gradient log hyperparams
Yahi hai Kinv
Total time taken in cholesky = 0.001624 s
FINAL ERROR = 0.000000
Why yaar? para2 = -2.250991
Dekho bhai 9.564421
-8.176665
7.051170
Node compute-0-21.local waiting for a command
Node compute-0-21.local expecing log hyperparams to be set
------------------
slave set the value of HP as
0.644430
-0.378992
-1.949079

------------------
Dekho bhai naya value AYAA

0.644430
-0.378992
-1.949079
Node compute-0-21.local waiting for a command
Node compute-0-21.local will start computing log likelihood
Total time taken in cholesky = 0.001581 s
FINAL ERROR = 0.000000
Determinant is -61.694478
num_iters is 4
Total threads launched: 32
Time for iter 0: 0.000040
Total threads launched: 64
Time for iter 1: 0.000041
Total threads launched: 128
Time for iter 2: 0.000046
Total threads launched: 256
Time for iter 3: 0.000056
Total sum: 32.000000
The value of loglikelihood = -14.381315
Node compute-0-21.local waiting for a command
Node compute-0-21.local will start computing gradient log hyperparams
Yahi hai Kinv
Total time taken in cholesky = 0.001601 s
FINAL ERROR = 0.000000
Why yaar? para2 = 0.709463
Dekho bhai 4.715994
-6.419033
6.773765
Node compute-0-21.local waiting for a command
Node compute-0-21.local expecing log hyperparams to be set
------------------
slave set the value of HP as
0.604062
-0.380451
-2.047463

------------------
Dekho bhai naya value AYAA

0.604062
-0.380451
-2.047463
Node compute-0-21.local waiting for a command
Node compute-0-21.local will start computing log likelihood
Total time taken in cholesky = 0.001611 s
FINAL ERROR = 0.000000
Determinant is -61.900323
num_iters is 4
Total threads launched: 32
Time for iter 0: 0.000041
Total threads launched: 64
Time for iter 1: 0.000041
Total threads launched: 128
Time for iter 2: 0.000046
Total threads launched: 256
Time for iter 3: 0.000057
Total sum: 32.000000
The value of loglikelihood = -13.639291
Node compute-0-21.local waiting for a command
Node compute-0-21.local will start computing gradient log hyperparams
Yahi hai Kinv
Total time taken in cholesky = 0.001592 s
FINAL ERROR = 0.000000
Why yaar? para2 = 3.265871
Dekho bhai 0.406253
-4.723578
6.356513
Node compute-0-21.local waiting for a command
Node compute-0-21.local expecing log hyperparams to be set
------------------
slave set the value of HP as
0.567730
-0.381765
-2.136009

------------------
Dekho bhai naya value AYAA

0.567730
-0.381765
-2.136009
Node compute-0-21.local waiting for a command
Node compute-0-21.local will start computing log likelihood
Total time taken in cholesky = 0.001575 s
FINAL ERROR = 0.000000
Determinant is -61.793698
num_iters is 4
Total threads launched: 32
Time for iter 0: 0.000040
Total threads launched: 64
Time for iter 1: 0.000040
Total threads launched: 128
Time for iter 2: 0.000046
Total threads launched: 256
Time for iter 3: 0.000056
Total sum: 32.000000
The value of loglikelihood = -13.156248
Node compute-0-21.local waiting for a command
Node compute-0-21.local will start computing gradient log hyperparams
Yahi hai Kinv
Total time taken in cholesky = 0.001608 s
FINAL ERROR = 0.000000
Why yaar? para2 = 5.411291
Dekho bhai -3.301608
-3.151501
5.857146
Node compute-0-21.local waiting for a command
Node compute-0-21.local expecing log hyperparams to be set
------------------
slave set the value of HP as
0.535032
-0.382947
-2.215701

------------------
Dekho bhai naya value AYAA

0.535032
-0.382947
-2.215701
Node compute-0-21.local waiting for a command
Node compute-0-21.local will start computing log likelihood
Total time taken in cholesky = 0.001645 s
FINAL ERROR = 0.000000
Determinant is -61.475113
num_iters is 4
Total threads launched: 32
Time for iter 0: 0.000041
Total threads launched: 64
Time for iter 1: 0.000041
Total threads launched: 128
Time for iter 2: 0.000046
Total threads launched: 256
Time for iter 3: 0.000056
Total sum: 32.000000
The value of loglikelihood = -12.872153
Node compute-0-21.local waiting for a command
Node compute-0-21.local will start computing gradient log hyperparams
Yahi hai Kinv
Total time taken in cholesky = 0.001579 s
FINAL ERROR = 0.000000
Why yaar? para2 = 7.184843
Dekho bhai -6.395214
-1.741474
5.333896
Node compute-0-21.local waiting for a command
Node compute-0-21.local expecing log hyperparams to be set
------------------
slave set the value of HP as
0.505604
-0.384011
-2.287423

------------------
Dekho bhai naya value AYAA

0.505604
-0.384011
-2.287423
Node compute-0-21.local waiting for a command
Node compute-0-21.local will start computing log likelihood
Total time taken in cholesky = 0.001621 s
FINAL ERROR = 0.000000
Determinant is -61.018874
num_iters is 4
Total threads launched: 32
Time for iter 0: 0.000040
Total threads launched: 64
Time for iter 1: 0.000040
Total threads launched: 128
Time for iter 2: 0.000046
Total threads launched: 256
Time for iter 3: 0.000056
Total sum: 32.000000
The value of loglikelihood = -12.734715
Node compute-0-21.local waiting for a command
Node compute-0-21.local will start computing gradient log hyperparams
Yahi hai Kinv
Total time taken in cholesky = 0.001507 s
FINAL ERROR = 0.000000
Why yaar? para2 = 8.647071
Dekho bhai -8.918067
-0.507016
4.830551
Node compute-0-21.local waiting for a command
Node compute-0-21.local expecing log hyperparams to be set
------------------
slave set the value of HP as
0.479118
-0.384968
-2.351973

------------------
Dekho bhai naya value AYAA

0.479118
-0.384968
-2.351973
Node compute-0-21.local waiting for a command
Node compute-0-21.local will start computing log likelihood
Total time taken in cholesky = 0.001654 s
FINAL ERROR = 0.000000
Determinant is -60.479370
num_iters is 4
Total threads launched: 32
Time for iter 0: 0.000039
Total threads launched: 64
Time for iter 1: 0.000039
Total threads launched: 128
Time for iter 2: 0.000044
Total threads launched: 256
Time for iter 3: 0.000054
Total sum: 32.000000
The value of loglikelihood = -12.701322
Node compute-0-21.local waiting for a command
Node compute-0-21.local will start computing gradient log hyperparams
Yahi hai Kinv
Total time taken in cholesky = 0.001539 s
FINAL ERROR = 0.000000
Why yaar? para2 = 9.859653
Dekho bhai -10.950834
0.557872
4.371954
Node compute-0-21.local waiting for a command
Node compute-0-21.local expecing log hyperparams to be set
------------------
slave set the value of HP as
0.901887
-0.073019
-4.225105

------------------
Dekho bhai naya value AYAA

0.901887
-0.073019
-4.225105
Node compute-0-21.local waiting for a command
Node compute-0-21.local will start computing log likelihood
Total time taken in cholesky = 0.001515 s
FINAL ERROR = 0.000000
Determinant is -100.937556
num_iters is 4
Total threads launched: 32
Time for iter 0: 0.000038
Total threads launched: 64
Time for iter 1: 0.000039
Total threads launched: 128
Time for iter 2: 0.000044
Total threads launched: 256
Time for iter 3: 0.000055
Total sum: 32.000000
The value of loglikelihood = -30.968785
Node compute-0-21.local waiting for a command
Node compute-0-21.local will start computing gradient log hyperparams
Yahi hai Kinv
Total time taken in cholesky = 0.001559 s
FINAL ERROR = 0.000000
Why yaar? para2 = -144.126572
Dekho bhai 158.510394
-38.611050
-33.452235
Node compute-0-21.local waiting for a command
Node compute-0-21.local expecing log hyperparams to be set
------------------
slave set the value of HP as
0.567003
-0.320120
-2.741358

------------------
Dekho bhai naya value AYAA

0.567003
-0.320120
-2.741358
Node compute-0-21.local waiting for a command
Node compute-0-21.local will start computing log likelihood
Total time taken in cholesky = 0.001552 s
FINAL ERROR = 0.000000
Determinant is -67.334223
num_iters is 4
Total threads launched: 32
Time for iter 0: 0.000038
Total threads launched: 64
Time for iter 1: 0.000038
Total threads launched: 128
Time for iter 2: 0.000044
Total threads launched: 256
Time for iter 3: 0.000054
Total sum: 32.000000
The value of loglikelihood = -10.425536
Node compute-0-21.local waiting for a command
Node compute-0-21.local will start computing gradient log hyperparams
Yahi hai Kinv
Total time taken in cholesky = 0.001565 s
FINAL ERROR = 0.000000
Why yaar? para2 = 5.253092
Dekho bhai -8.735826
-0.116473
2.743019
Node compute-0-21.local waiting for a command
Node compute-0-21.local expecing log hyperparams to be set
------------------
slave set the value of HP as
0.609359
-0.288867
-2.929021

------------------
Dekho bhai naya value AYAA

0.609359
-0.288867
-2.929021
Node compute-0-21.local waiting for a command
Node compute-0-21.local will start computing log likelihood
Total time taken in cholesky = 0.001494 s
FINAL ERROR = 0.000000
Determinant is -70.852970
num_iters is 4
Total threads launched: 32
Time for iter 0: 0.000039
Total threads launched: 64
Time for iter 1: 0.000039
Total threads launched: 128
Time for iter 2: 0.000044
Total threads launched: 256
Time for iter 3: 0.000056
Total sum: 32.000000
The value of loglikelihood = -9.676602
Node compute-0-21.local waiting for a command
Node compute-0-21.local will start computing gradient log hyperparams
Yahi hai Kinv
Total time taken in cholesky = 0.001650 s
FINAL ERROR = 0.000000
Why yaar? para2 = 1.211333
Dekho bhai -5.798753
-1.062956
1.668622
Node compute-0-21.local waiting for a command
Node compute-0-21.local expecing log hyperparams to be set
------------------
slave set the value of HP as
0.638612
-0.267282
-3.058630

------------------
Dekho bhai naya value AYAA

0.638612
-0.267282
-3.058630
Node compute-0-21.local waiting for a command
Node compute-0-21.local will start computing log likelihood
Total time taken in cholesky = 0.001492 s
FINAL ERROR = 0.000000
Determinant is -73.388027
num_iters is 4
Total threads launched: 32
Time for iter 0: 0.000042
Total threads launched: 64
Time for iter 1: 0.000041
Total threads launched: 128
Time for iter 2: 0.000046
Total threads launched: 256
Time for iter 3: 0.000057
Total sum: 32.000000
The value of loglikelihood = -9.359523
Node compute-0-21.local waiting for a command
Node compute-0-21.local will start computing gradient log hyperparams
Yahi hai Kinv
Total time taken in cholesky = 0.001604 s
FINAL ERROR = 0.000000
Why yaar? para2 = -2.590467
Dekho bhai -2.644902
-2.034583
0.739350
Node compute-0-21.local waiting for a command
Node compute-0-21.local expecing log hyperparams to be set
------------------
slave set the value of HP as
0.664939
-0.247856
-3.175277

------------------
Dekho bhai naya value AYAA

0.664939
-0.247856
-3.175277
Node compute-0-21.local waiting for a command
Node compute-0-21.local will start computing log likelihood
Total time taken in cholesky = 0.001585 s
FINAL ERROR = 0.000000
Determinant is -75.750114
num_iters is 4
Total threads launched: 32
Time for iter 0: 0.000041
Total threads launched: 64
Time for iter 1: 0.000042
Total threads launched: 128
Time for iter 2: 0.000046
Total threads launched: 256
Time for iter 3: 0.000057
Total sum: 32.000000
The value of loglikelihood = -9.259573
Node compute-0-21.local waiting for a command
Node compute-0-21.local will start computing gradient log hyperparams
Yahi hai Kinv
Total time taken in cholesky = 0.001581 s
FINAL ERROR = 0.000000
Why yaar? para2 = -6.914841
Dekho bhai 1.239992
-3.179250
-0.278171
Node compute-0-21.local waiting for a command
Node compute-0-21.local expecing log hyperparams to be set
------------------
slave set the value of HP as
0.469005
0.620292
-4.682718

------------------
Dekho bhai naya value AYAA

0.469005
0.620292
-4.682718
Node compute-0-21.local waiting for a command
Node compute-0-21.local will start computing log likelihood
Total time taken in cholesky = 0.001585 s
FINAL ERROR = 0.000000
Determinant is -6.975592
num_iters is 4
Total threads launched: 32
Time for iter 0: 0.000041
Total threads launched: 64
Time for iter 1: 0.000041
Total threads launched: 128
Time for iter 2: 0.000045
Total threads launched: 256
Time for iter 3: 0.000057
Total sum: 32.000000
The value of loglikelihood = -28.153440
Node compute-0-21.local waiting for a command
Node compute-0-21.local will start computing gradient log hyperparams
Yahi hai Kinv
Total time taken in cholesky = 0.001608 s
FINAL ERROR = 0.000000
Why yaar? para2 = 55.058735
Dekho bhai -42.711309
27.495514
0.033854
Node compute-0-21.local waiting for a command
Node compute-0-21.local expecing log hyperparams to be set
------------------
slave set the value of HP as
0.639992
-0.137318
-3.367213

------------------
Dekho bhai naya value AYAA

0.639992
-0.137318
-3.367213
Node compute-0-21.local waiting for a command
Node compute-0-21.local will start computing log likelihood
Total time taken in cholesky = 0.001665 s
FINAL ERROR = 0.000000
Determinant is -68.961459
num_iters is 4
Total threads launched: 32
Time for iter 0: 0.000041
Total threads launched: 64
Time for iter 1: 0.000041
Total threads launched: 128
Time for iter 2: 0.000047
Total threads launched: 256
Time for iter 3: 0.000057
Total sum: 32.000000
The value of loglikelihood = -9.476677
Node compute-0-21.local waiting for a command
Node compute-0-21.local will start computing gradient log hyperparams
Yahi hai Kinv
Total time taken in cholesky = 0.001621 s
FINAL ERROR = 0.000000
Why yaar? para2 = 5.794054
Dekho bhai -7.087837
3.508656
-0.611629
Node compute-0-21.local waiting for a command
Node compute-0-21.local expecing log hyperparams to be set
------------------
slave set the value of HP as
0.662444
-0.236802
-3.194471

------------------
Dekho bhai naya value AYAA

0.662444
-0.236802
-3.194471
Node compute-0-21.local waiting for a command
Node compute-0-21.local will start computing log likelihood
Total time taken in cholesky = 0.001626 s
FINAL ERROR = 0.000000
Determinant is -75.118484
num_iters is 4
Total threads launched: 32
Time for iter 0: 0.000042
Total threads launched: 64
Time for iter 1: 0.000041
Total threads launched: 128
Time for iter 2: 0.000046
Total threads launched: 256
Time for iter 3: 0.000057
Total sum: 32.000000
The value of loglikelihood = -9.232922
Node compute-0-21.local waiting for a command
Node compute-0-21.local will start computing gradient log hyperparams
Yahi hai Kinv
Total time taken in cholesky = 0.001631 s
FINAL ERROR = 0.000000
Why yaar? para2 = -5.544977
Dekho bhai 0.204159
-2.420020
-0.352468
Node compute-0-21.local waiting for a command
Node compute-0-21.local expecing log hyperparams to be set
------------------
slave set the value of HP as
0.660199
-0.226854
-3.211745

------------------
Dekho bhai naya value AYAA

0.660199
-0.226854
-3.211745
Node compute-0-21.local waiting for a command
Node compute-0-21.local will start computing log likelihood
Total time taken in cholesky = 0.001653 s
FINAL ERROR = 0.000000
Determinant is -74.540765
num_iters is 4
Total threads launched: 32
Time for iter 0: 0.000041
Total threads launched: 64
Time for iter 1: 0.000041
Total threads launched: 128
Time for iter 2: 0.000046
Total threads launched: 256
Time for iter 3: 0.000057
Total sum: 32.000000
The value of loglikelihood = -9.219325
Node compute-0-21.local waiting for a command
Node compute-0-21.local will start computing gradient log hyperparams
Yahi hai Kinv
Total time taken in cholesky = 0.001622 s
FINAL ERROR = 0.000000
Why yaar? para2 = -4.335149
Dekho bhai -0.682243
-1.755568
-0.412007
Node compute-0-21.local waiting for a command
Node compute-0-21.local expecing log hyperparams to be set
------------------
slave set the value of HP as
0.658178
-0.217900
-3.227292

------------------
Dekho bhai naya value AYAA

0.658178
-0.217900
-3.227292
Node compute-0-21.local waiting for a command
Node compute-0-21.local will start computing log likelihood
Total time taken in cholesky = 0.001602 s
FINAL ERROR = 0.000000
Determinant is -74.013397
num_iters is 4
Total threads launched: 32
Time for iter 0: 0.000042
Total threads launched: 64
Time for iter 1: 0.000041
Total threads launched: 128
Time for iter 2: 0.000046
Total threads launched: 256
Time for iter 3: 0.000057
Total sum: 32.000000
The value of loglikelihood = -9.215163
Node compute-0-21.local waiting for a command
Node compute-0-21.local will start computing gradient log hyperparams
Yahi hai Kinv
Total time taken in cholesky = 0.001593 s
FINAL ERROR = 0.000000
Why yaar? para2 = -3.263763
Dekho bhai -1.444369
-1.172498
-0.459384
Node compute-0-21.local waiting for a command
Node compute-0-21.local expecing log hyperparams to be set
------------------
slave set the value of HP as
0.656360
-0.209842
-3.241284

------------------
Dekho bhai naya value AYAA

0.656360
-0.209842
-3.241284
Node compute-0-21.local waiting for a command
Node compute-0-21.local will start computing log likelihood
Total time taken in cholesky = 0.001581 s
FINAL ERROR = 0.000000
Determinant is -73.532806
num_iters is 4
Total threads launched: 32
Time for iter 0: 0.000041
Total threads launched: 64
Time for iter 1: 0.000041
Total threads launched: 128
Time for iter 2: 0.000046
Total threads launched: 256
Time for iter 3: 0.000057
Total sum: 32.000000
The value of loglikelihood = -9.217713
Node compute-0-21.local waiting for a command
Node compute-0-21.local will start computing gradient log hyperparams
Yahi hai Kinv
Total time taken in cholesky = 0.001523 s
FINAL ERROR = 0.000000
Why yaar? para2 = -2.312786
Dekho bhai -2.102688
-0.659544
-0.496849
Node compute-0-21.local waiting for a command
Node compute-0-21.local expecing log hyperparams to be set
------------------
slave set the value of HP as
0.648176
-0.173580
-3.304249

------------------
Dekho bhai naya value AYAA

0.648176
-0.173580
-3.304249
Node compute-0-21.local waiting for a command
Node compute-0-21.local will start computing log likelihood
Total time taken in cholesky = 0.001608 s
FINAL ERROR = 0.000000
Determinant is -71.301570
num_iters is 4
Total threads launched: 32
Time for iter 0: 0.000042
Total threads launched: 64
Time for iter 1: 0.000041
Total threads launched: 128
Time for iter 2: 0.000046
Total threads launched: 256
Time for iter 3: 0.000057
Total sum: 32.000000
The value of loglikelihood = -9.297534
Node compute-0-21.local waiting for a command
Node compute-0-21.local will start computing gradient log hyperparams
Yahi hai Kinv
Total time taken in cholesky = 0.001540 s
FINAL ERROR = 0.000000
Why yaar? para2 = 1.830405
Dekho bhai -4.777406
1.518550
-0.603347
Node compute-0-21.local waiting for a command
Node compute-0-21.local expecing log hyperparams to be set
------------------
slave set the value of HP as
0.718936
-0.076746
-3.233225

------------------
Dekho bhai naya value AYAA

0.718936
-0.076746
-3.233225
Node compute-0-21.local waiting for a command
Node compute-0-21.local will start computing log likelihood
Total time taken in cholesky = 0.001667 s
FINAL ERROR = 0.000000
Determinant is -71.969432
num_iters is 4
Total threads launched: 32
Time for iter 0: 0.000041
Total threads launched: 64
Time for iter 1: 0.000041
Total threads launched: 128
Time for iter 2: 0.000046
Total threads launched: 256
Time for iter 3: 0.000055
Total sum: 32.000000
The value of loglikelihood = -9.155311
Node compute-0-21.local waiting for a command
Node compute-0-21.local will start computing gradient log hyperparams
Yahi hai Kinv
Total time taken in cholesky = 0.001503 s
FINAL ERROR = 0.000000
Why yaar? para2 = 1.063572
Dekho bhai -1.521027
1.443729
-0.911942
Node compute-0-21.local waiting for a command
Node compute-0-21.local expecing log hyperparams to be set
------------------
slave set the value of HP as
0.683556
-0.125163
-3.268737

------------------
Dekho bhai naya value AYAA

0.683556
-0.125163
-3.268737
Node compute-0-21.local waiting for a command
Node compute-0-21.local will start computing log likelihood
Total time taken in cholesky = 0.001590 s
FINAL ERROR = 0.000000
Determinant is -71.610471
num_iters is 4
Total threads launched: 32
Time for iter 0: 0.000041
Total threads launched: 64
Time for iter 1: 0.000041
Total threads launched: 128
Time for iter 2: 0.000045
Total threads launched: 256
Time for iter 3: 0.000056
Total sum: 32.000000
The value of loglikelihood = -9.201697
Node compute-0-21.local waiting for a command
Node compute-0-21.local will start computing gradient log hyperparams
Yahi hai Kinv
Total time taken in cholesky = 0.001524 s
FINAL ERROR = 0.000000
Why yaar? para2 = 1.595953
Dekho bhai -3.456530
1.596136
-0.798159
Node compute-0-21.local waiting for a command
Node compute-0-21.local expecing log hyperparams to be set
------------------
slave set the value of HP as
0.701246
-0.100955
-3.250981

------------------
Dekho bhai naya value AYAA

0.701246
-0.100955
-3.250981
Node compute-0-21.local waiting for a command
Node compute-0-21.local will start computing log likelihood
Total time taken in cholesky = 0.001578 s
FINAL ERROR = 0.000000
Determinant is -71.784280
num_iters is 4
Total threads launched: 32
Time for iter 0: 0.000042
Total threads launched: 64
Time for iter 1: 0.000039
Total threads launched: 128
Time for iter 2: 0.000045
Total threads launched: 256
Time for iter 3: 0.000055
Total sum: 32.000000
The value of loglikelihood = -9.171399
Node compute-0-21.local waiting for a command
Node compute-0-21.local will start computing gradient log hyperparams
Yahi hai Kinv
Total time taken in cholesky = 0.001550 s
FINAL ERROR = 0.000000
Why yaar? para2 = 1.369527
Dekho bhai -2.586417
1.551759
-0.866996
Node compute-0-21.local waiting for a command
Node compute-0-21.local expecing log hyperparams to be set
------------------
slave set the value of HP as
0.692706
-0.008378
-3.179732

------------------
Dekho bhai naya value AYAA

0.692706
-0.008378
-3.179732
Node compute-0-21.local waiting for a command
Node compute-0-21.local will start computing log likelihood
Total time taken in cholesky = 0.001491 s
FINAL ERROR = 0.000000
Determinant is -65.246634
num_iters is 4
Total threads launched: 32
Time for iter 0: 0.000039
Total threads launched: 64
Time for iter 1: 0.000038
Total threads launched: 128
Time for iter 2: 0.000043
Total threads launched: 256
Time for iter 3: 0.000056
Total sum: 32.000000
The value of loglikelihood = -9.576897
Node compute-0-21.local waiting for a command
Node compute-0-21.local will start computing gradient log hyperparams
Yahi hai Kinv
Total time taken in cholesky = 0.001600 s
FINAL ERROR = 0.000000
Why yaar? para2 = 12.822823
Dekho bhai -11.047935
6.391074
0.020337
Node compute-0-21.local waiting for a command
Node compute-0-21.local expecing log hyperparams to be set
------------------
slave set the value of HP as
0.698984
-0.076439
-3.232113

------------------
Dekho bhai naya value AYAA

0.698984
-0.076439
-3.232113
Node compute-0-21.local waiting for a command
Node compute-0-21.local will start computing log likelihood
Total time taken in cholesky = 0.001512 s
FINAL ERROR = 0.000000
Determinant is -70.054206
num_iters is 4
Total threads launched: 32
Time for iter 0: 0.000039
Total threads launched: 64
Time for iter 1: 0.000039
Total threads launched: 128
Time for iter 2: 0.000044
Total threads launched: 256
Time for iter 3: 0.000055
Total sum: 32.000000
The value of loglikelihood = -9.221124
Node compute-0-21.local waiting for a command
Node compute-0-21.local will start computing gradient log hyperparams
Yahi hai Kinv
Total time taken in cholesky = 0.001580 s
FINAL ERROR = 0.000000
Why yaar? para2 = 4.630770
Dekho bhai -5.002081
2.926541
-0.611155
Node compute-0-21.local waiting for a command
Node compute-0-21.local expecing log hyperparams to be set
------------------
slave set the value of HP as
0.725819
-0.037870
-3.146424

------------------
Dekho bhai naya value AYAA

0.725819
-0.037870
-3.146424
Node compute-0-21.local waiting for a command
Node compute-0-21.local will start computing log likelihood
Total time taken in cholesky = 0.001642 s
FINAL ERROR = 0.000000
Determinant is -69.646884
num_iters is 4
Total threads launched: 32
Time for iter 0: 0.000041
Total threads launched: 64
Time for iter 1: 0.000041
Total threads launched: 128
Time for iter 2: 0.000046
Total threads launched: 256
Time for iter 3: 0.000057
Total sum: 32.000000
The value of loglikelihood = -9.174988
Node compute-0-21.local waiting for a command
Node compute-0-21.local will start computing gradient log hyperparams
Yahi hai Kinv
Total time taken in cholesky = 0.001620 s
FINAL ERROR = 0.000000
Why yaar? para2 = 5.629959
Dekho bhai -4.272074
2.978559
-0.163580
Node compute-0-21.local waiting for a command
Node compute-0-21.local expecing log hyperparams to be set
------------------
slave set the value of HP as
0.712402
-0.057154
-3.189268

------------------
Dekho bhai naya value AYAA

0.712402
-0.057154
-3.189268
Node compute-0-21.local waiting for a command
Node compute-0-21.local will start computing log likelihood
Total time taken in cholesky = 0.001584 s
FINAL ERROR = 0.000000
Determinant is -69.860426
num_iters is 4
Total threads launched: 32
Time for iter 0: 0.000041
Total threads launched: 64
Time for iter 1: 0.000041
Total threads launched: 128
Time for iter 2: 0.000046
Total threads launched: 256
Time for iter 3: 0.000057
Total sum: 32.000000
The value of loglikelihood = -9.190564
Node compute-0-21.local waiting for a command
Node compute-0-21.local will start computing gradient log hyperparams
Yahi hai Kinv
Total time taken in cholesky = 0.001596 s
FINAL ERROR = 0.000000
Why yaar? para2 = 5.140572
Dekho bhai -4.738849
2.979944
-0.409658
Node compute-0-21.local waiting for a command
Node compute-0-21.local expecing log hyperparams to be set
------------------
slave set the value of HP as
0.719110
-0.047512
-3.167846

------------------
Dekho bhai naya value AYAA

0.719110
-0.047512
-3.167846
Node compute-0-21.local waiting for a command
Node compute-0-21.local will start computing log likelihood
Total time taken in cholesky = 0.001615 s
FINAL ERROR = 0.000000
Determinant is -69.756181
num_iters is 4
Total threads launched: 32
Time for iter 0: 0.000042
Total threads launched: 64
Time for iter 1: 0.000041
Total threads launched: 128
Time for iter 2: 0.000046
Total threads launched: 256
Time for iter 3: 0.000057
Total sum: 32.000000
The value of loglikelihood = -9.180679
Node compute-0-21.local waiting for a command
Node compute-0-21.local will start computing gradient log hyperparams
Yahi hai Kinv
Total time taken in cholesky = 0.001630 s
FINAL ERROR = 0.000000
Why yaar? para2 = 5.388603
Dekho bhai -4.532026
2.986208
-0.291907
Node compute-0-21.local waiting for a command
Node compute-0-21.local expecing log hyperparams to be set
------------------
slave set the value of HP as
0.731179
-0.091206
-3.154697

------------------
Dekho bhai naya value AYAA

0.731179
-0.091206
-3.154697
Node compute-0-21.local waiting for a command
Node compute-0-21.local will start computing log likelihood
Total time taken in cholesky = 0.001580 s
FINAL ERROR = 0.000000
Determinant is -73.081453
num_iters is 4
Total threads launched: 32
Time for iter 0: 0.000040
Total threads launched: 64
Time for iter 1: 0.000041
Total threads launched: 128
Time for iter 2: 0.000046
Total threads launched: 256
Time for iter 3: 0.000056
Total sum: 32.000000
The value of loglikelihood = -9.088361
Node compute-0-21.local waiting for a command
Node compute-0-21.local will start computing gradient log hyperparams
Yahi hai Kinv
Total time taken in cholesky = 0.001614 s
FINAL ERROR = 0.000000
Why yaar? para2 = -0.892670
Dekho bhai 1.096002
-0.025337
-0.420998
Node compute-0-21.local waiting for a command
Node compute-0-21.local expecing log hyperparams to be set
------------------
slave set the value of HP as
0.721262
-0.055304
-3.165501

------------------
Dekho bhai naya value AYAA

0.721262
-0.055304
-3.165501
Node compute-0-21.local waiting for a command
Node compute-0-21.local will start computing log likelihood
Total time taken in cholesky = 0.001582 s
FINAL ERROR = 0.000000
Determinant is -70.353693
num_iters is 4
Total threads launched: 32
Time for iter 0: 0.000042
Total threads launched: 64
Time for iter 1: 0.000041
Total threads launched: 128
Time for iter 2: 0.000046
Total threads launched: 256
Time for iter 3: 0.000056
Total sum: 32.000000
The value of loglikelihood = -9.149935
Node compute-0-21.local waiting for a command
Node compute-0-21.local will start computing gradient log hyperparams
Yahi hai Kinv
Total time taken in cholesky = 0.001615 s
FINAL ERROR = 0.000000
Why yaar? para2 = 4.316553
Dekho bhai -3.593366
2.474608
-0.316331
Node compute-0-21.local waiting for a command
Node compute-0-21.local expecing log hyperparams to be set
------------------
slave set the value of HP as
0.716204
-0.064126
-3.160603

------------------
Dekho bhai naya value AYAA

0.716204
-0.064126
-3.160603
Node compute-0-21.local waiting for a command
Node compute-0-21.local will start computing log likelihood
Total time taken in cholesky = 0.001583 s
FINAL ERROR = 0.000000
Determinant is -70.307228
num_iters is 4
Total threads launched: 32
Time for iter 0: 0.000041
Total threads launched: 64
Time for iter 1: 0.000041
Total threads launched: 128
Time for iter 2: 0.000046
Total threads launched: 256
Time for iter 3: 0.000057
Total sum: 32.000000
The value of loglikelihood = -9.145767
Node compute-0-21.local waiting for a command
Node compute-0-21.local will start computing gradient log hyperparams
Yahi hai Kinv
Total time taken in cholesky = 0.001554 s
FINAL ERROR = 0.000000
Why yaar? para2 = 4.426154
Dekho bhai -3.897919
2.455952
-0.242875
Node compute-0-21.local waiting for a command
Node compute-0-21.local expecing log hyperparams to be set
------------------
slave set the value of HP as
0.708256
-0.077986
-3.152908

------------------
Dekho bhai naya value AYAA

0.708256
-0.077986
-3.152908
Node compute-0-21.local waiting for a command
Node compute-0-21.local will start computing log likelihood
Total time taken in cholesky = 0.001657 s
FINAL ERROR = 0.000000
Determinant is -70.240283
num_iters is 4
Total threads launched: 32
Time for iter 0: 0.000042
Total threads launched: 64
Time for iter 1: 0.000041
Total threads launched: 128
Time for iter 2: 0.000046
Total threads launched: 256
Time for iter 3: 0.000057
Total sum: 32.000000
The value of loglikelihood = -9.143344
Node compute-0-21.local waiting for a command
Node compute-0-21.local will start computing gradient log hyperparams
Yahi hai Kinv
Total time taken in cholesky = 0.001537 s
FINAL ERROR = 0.000000
Why yaar? para2 = 4.569739
Dekho bhai -4.346792
2.415457
-0.130587
Node compute-0-21.local waiting for a command
Node compute-0-21.local expecing log hyperparams to be set
------------------
slave set the value of HP as
0.715786
-0.092264
-3.133855

------------------
Dekho bhai naya value AYAA

0.715786
-0.092264
-3.133855
Node compute-0-21.local waiting for a command
Node compute-0-21.local will start computing log likelihood
Total time taken in cholesky = 0.001583 s
FINAL ERROR = 0.000000
Determinant is -71.502505
num_iters is 4
Total threads launched: 32
Time for iter 0: 0.000040
Total threads launched: 64
Time for iter 1: 0.000041
Total threads launched: 128
Time for iter 2: 0.000046
Total threads launched: 256
Time for iter 3: 0.000056
Total sum: 32.000000
The value of loglikelihood = -9.090829
Node compute-0-21.local waiting for a command
Node compute-0-21.local will start computing gradient log hyperparams
Yahi hai Kinv
Total time taken in cholesky = 0.001509 s
FINAL ERROR = 0.000000
Why yaar? para2 = 2.255353
Dekho bhai -2.112200
1.213375
-0.085698
Node compute-0-21.local waiting for a command
Node compute-0-21.local expecing log hyperparams to be set
------------------
slave set the value of HP as
0.709009
-0.079414
-3.151002

------------------
Dekho bhai naya value AYAA

0.709009
-0.079414
-3.151002
Node compute-0-21.local waiting for a command
Node compute-0-21.local will start computing log likelihood
Total time taken in cholesky = 0.001606 s
FINAL ERROR = 0.000000
Determinant is -70.367490
num_iters is 4
Total threads launched: 32
Time for iter 0: 0.000040
Total threads launched: 64
Time for iter 1: 0.000039
Total threads launched: 128
Time for iter 2: 0.000043
Total threads launched: 256
Time for iter 3: 0.000054
Total sum: 32.000000
The value of loglikelihood = -9.136541
Node compute-0-21.local waiting for a command
Node compute-0-21.local will start computing gradient log hyperparams
Yahi hai Kinv
Total time taken in cholesky = 0.001505 s
FINAL ERROR = 0.000000
Why yaar? para2 = 4.342535
Dekho bhai -4.132381
2.298149
-0.126882
Node compute-0-21.local waiting for a command
Node compute-0-21.local expecing log hyperparams to be set
------------------
slave set the value of HP as
0.708589
-0.078616
-3.152066

------------------
Dekho bhai naya value AYAA

0.708589
-0.078616
-3.152066
Node compute-0-21.local waiting for a command
Node compute-0-21.local will start computing log likelihood
Total time taken in cholesky = 0.001576 s
FINAL ERROR = 0.000000
Determinant is -70.296477
num_iters is 4
Total threads launched: 32
Time for iter 0: 0.000038
Total threads launched: 64
Time for iter 1: 0.000042
Total threads launched: 128
Time for iter 2: 0.000046
Total threads launched: 256
Time for iter 3: 0.000055
Total sum: 32.000000
The value of loglikelihood = -9.140299
Node compute-0-21.local waiting for a command
Node compute-0-21.local will start computing gradient log hyperparams
Yahi hai Kinv
Total time taken in cholesky = 0.001537 s
FINAL ERROR = 0.000000
Why yaar? para2 = 4.469530
Dekho bhai -4.252361
2.363738
-0.128973
Node compute-0-21.local waiting for a command
Node compute-0-21.local expecing log hyperparams to be set
------------------
slave set the value of HP as
0.708539
-0.078693
-3.150685

------------------
Dekho bhai naya value AYAA

0.708539
-0.078693
-3.150685
Node compute-0-21.local waiting for a command
Node compute-0-21.local will start computing log likelihood
Total time taken in cholesky = 0.001483 s
FINAL ERROR = 0.000000
Determinant is -70.282116
num_iters is 4
Total threads launched: 32
Time for iter 0: 0.000040
Total threads launched: 64
Time for iter 1: 0.000039
Total threads launched: 128
Time for iter 2: 0.000043
Total threads launched: 256
Time for iter 3: 0.000055
Total sum: 32.000000
The value of loglikelihood = -9.140158
Node compute-0-21.local waiting for a command
Node compute-0-21.local will start computing gradient log hyperparams
Yahi hai Kinv
Total time taken in cholesky = 0.001571 s
FINAL ERROR = 0.000000
Why yaar? para2 = 4.498818
Dekho bhai -4.269685
2.367133
-0.117724
Node compute-0-21.local waiting for a command
Node compute-0-21.local expecing log hyperparams to be set
------------------
slave set the value of HP as
0.708441
-0.078846
-3.147923

------------------
Dekho bhai naya value AYAA

0.708441
-0.078846
-3.147923
Node compute-0-21.local waiting for a command
Node compute-0-21.local will start computing log likelihood
Total time taken in cholesky = 0.001519 s
FINAL ERROR = 0.000000
Determinant is -70.253360
num_iters is 4
Total threads launched: 32
Time for iter 0: 0.000041
Total threads launched: 64
Time for iter 1: 0.000038
Total threads launched: 128
Time for iter 2: 0.000044
Total threads launched: 256
Time for iter 3: 0.000054
Total sum: 32.000000
The value of loglikelihood = -9.139924
Node compute-0-21.local waiting for a command
Node compute-0-21.local will start computing gradient log hyperparams
Yahi hai Kinv
Total time taken in cholesky = 0.001594 s
FINAL ERROR = 0.000000
Why yaar? para2 = 4.557264
Dekho bhai -4.304060
2.373868
-0.095236
Node compute-0-21.local waiting for a command
Node compute-0-21.local expecing log hyperparams to be set
------------------
slave set the value of HP as
0.708411
-0.078892
-3.147090

------------------
Dekho bhai naya value AYAA

0.708411
-0.078892
-3.147090
Node compute-0-21.local waiting for a command
Node compute-0-21.local will start computing log likelihood
Total time taken in cholesky = 0.001511 s
FINAL ERROR = 0.000000
Determinant is -70.244682
num_iters is 4
Total threads launched: 32
Time for iter 0: 0.000043
Total threads launched: 64
Time for iter 1: 0.000041
Total threads launched: 128
Time for iter 2: 0.000046
Total threads launched: 256
Time for iter 3: 0.000057
Total sum: 32.000000
The value of loglikelihood = -9.139866
Node compute-0-21.local waiting for a command
Node compute-0-21.local will start computing gradient log hyperparams
Yahi hai Kinv
Total time taken in cholesky = 0.001601 s
FINAL ERROR = 0.000000
Why yaar? para2 = 4.574851
Dekho bhai -4.314351
2.375884
-0.088459
Node compute-0-21.local waiting for a command
Node compute-0-21.local expecing log hyperparams to be set
------------------
slave set the value of HP as
0.711618
-0.077143
-3.141798

------------------
Dekho bhai naya value AYAA

0.711618
-0.077143
-3.141798
Node compute-0-21.local waiting for a command
Node compute-0-21.local will start computing log likelihood
Total time taken in cholesky = 0.001554 s
FINAL ERROR = 0.000000
Determinant is -70.391959
num_iters is 4
Total threads launched: 32
Time for iter 0: 0.000041
Total threads launched: 64
Time for iter 1: 0.000041
Total threads launched: 128
Time for iter 2: 0.000050
Total threads launched: 256
Time for iter 3: 0.000056
Total sum: 32.000000
The value of loglikelihood = -9.130227
Node compute-0-21.local waiting for a command
Node compute-0-21.local will start computing gradient log hyperparams
Yahi hai Kinv
Total time taken in cholesky = 0.001582 s
FINAL ERROR = 0.000000
Why yaar? para2 = 4.318853
Dekho bhai -3.938591
2.234020
-0.074593
Node compute-0-21.local waiting for a command
Node compute-0-21.local expecing log hyperparams to be set
------------------
slave set the value of HP as
0.709222
-0.078450
-3.145752

------------------
Dekho bhai naya value AYAA

0.709222
-0.078450
-3.145752
Node compute-0-21.local waiting for a command
Node compute-0-21.local will start computing log likelihood
Total time taken in cholesky = 0.001624 s
FINAL ERROR = 0.000000
Determinant is -70.281983
num_iters is 4
Total threads launched: 32
Time for iter 0: 0.000042
Total threads launched: 64
Time for iter 1: 0.000041
Total threads launched: 128
Time for iter 2: 0.000046
Total threads launched: 256
Time for iter 3: 0.000057
Total sum: 32.000000
The value of loglikelihood = -9.137332
Node compute-0-21.local waiting for a command
Node compute-0-21.local will start computing gradient log hyperparams
Yahi hai Kinv
Total time taken in cholesky = 0.001638 s
FINAL ERROR = 0.000000
Why yaar? para2 = 4.510386
Dekho bhai -4.220494
2.340283
-0.085090
Node compute-0-21.local waiting for a command
Node compute-0-21.local expecing log hyperparams to be set
------------------
slave set the value of HP as
0.709618
-0.077321
-3.144399

------------------
Dekho bhai naya value AYAA

0.709618
-0.077321
-3.144399
Node compute-0-21.local waiting for a command
Node compute-0-21.local will start computing log likelihood
Total time taken in cholesky = 0.001605 s
FINAL ERROR = 0.000000
Determinant is -70.243893
num_iters is 4
Total threads launched: 32
Time for iter 0: 0.000041
Total threads launched: 64
Time for iter 1: 0.000041
Total threads launched: 128
Time for iter 2: 0.000046
Total threads launched: 256
Time for iter 3: 0.000057
Total sum: 32.000000
The value of loglikelihood = -9.138204
Node compute-0-21.local waiting for a command
Node compute-0-21.local will start computing gradient log hyperparams
Yahi hai Kinv
Total time taken in cholesky = 0.001577 s
FINAL ERROR = 0.000000
Why yaar? para2 = 4.583077
Dekho bhai -4.248642
2.367218
-0.075680
Node compute-0-21.local waiting for a command
Node compute-0-21.local expecing log hyperparams to be set
------------------
slave set the value of HP as
0.709846
-0.076669
-3.143617

------------------
Dekho bhai naya value AYAA

0.709846
-0.076669
-3.143617
Node compute-0-21.local waiting for a command
Node compute-0-21.local will start computing log likelihood
Total time taken in cholesky = 0.001584 s
FINAL ERROR = 0.000000
Determinant is -70.221883
num_iters is 4
Total threads launched: 32
Time for iter 0: 0.000041
Total threads launched: 64
Time for iter 1: 0.000041
Total threads launched: 128
Time for iter 2: 0.000045
Total threads launched: 256
Time for iter 3: 0.000057
Total sum: 32.000000
The value of loglikelihood = -9.138723
Node compute-0-21.local waiting for a command
Node compute-0-21.local will start computing gradient log hyperparams
Yahi hai Kinv
Total time taken in cholesky = 0.001593 s
FINAL ERROR = 0.000000
Why yaar? para2 = 4.625022
Dekho bhai -4.264841
2.382743
-0.070232
Node compute-0-21.local waiting for a command
Node compute-0-21.local expecing log hyperparams to be set
------------------
slave set the value of HP as
0.713215
-0.073180
-3.143456

------------------
Dekho bhai naya value AYAA

0.713215
-0.073180
-3.143456
Node compute-0-21.local waiting for a command
Node compute-0-21.local will start computing log likelihood
Total time taken in cholesky = 0.001652 s
FINAL ERROR = 0.000000
Determinant is -70.342967
num_iters is 4
Total threads launched: 32
Time for iter 0: 0.000041
Total threads launched: 64
Time for iter 1: 0.000040
Total threads launched: 128
Time for iter 2: 0.000046
Total threads launched: 256
Time for iter 3: 0.000057
Total sum: 32.000000
The value of loglikelihood = -9.133060
Node compute-0-21.local waiting for a command
Node compute-0-21.local will start computing gradient log hyperparams
Yahi hai Kinv
Total time taken in cholesky = 0.001588 s
FINAL ERROR = 0.000000
Why yaar? para2 = 4.405504
Dekho bhai -3.934344
2.297404
-0.094652
Node compute-0-21.local waiting for a command
Node compute-0-21.local expecing log hyperparams to be set
------------------
slave set the value of HP as
0.710220
-0.076282
-3.143599

------------------
Dekho bhai naya value AYAA

0.710220
-0.076282
-3.143599
Node compute-0-21.local waiting for a command
Node compute-0-21.local will start computing log likelihood
Total time taken in cholesky = 0.001632 s
FINAL ERROR = 0.000000
Determinant is -70.235291
num_iters is 4
Total threads launched: 32
Time for iter 0: 0.000042
Total threads launched: 64
Time for iter 1: 0.000041
Total threads launched: 128
Time for iter 2: 0.000046
Total threads launched: 256
Time for iter 3: 0.000057
Total sum: 32.000000
The value of loglikelihood = -9.138054
Node compute-0-21.local waiting for a command
Node compute-0-21.local will start computing gradient log hyperparams
Yahi hai Kinv
Total time taken in cholesky = 0.001619 s
FINAL ERROR = 0.000000
Why yaar? para2 = 4.600880
Dekho bhai -4.228600
2.373387
-0.072947
Node compute-0-21.local waiting for a command
Node compute-0-21.local expecing log hyperparams to be set
------------------
slave set the value of HP as
0.710345
-0.075652
-3.143714

------------------
Dekho bhai naya value AYAA

0.710345
-0.075652
-3.143714
Node compute-0-21.local waiting for a command
Node compute-0-21.local will start computing log likelihood
Total time taken in cholesky = 0.001602 s
FINAL ERROR = 0.000000
Determinant is -70.214013
num_iters is 4
Total threads launched: 32
Time for iter 0: 0.000042
Total threads launched: 64
Time for iter 1: 0.000041
Total threads launched: 128
Time for iter 2: 0.000047
Total threads launched: 256
Time for iter 3: 0.000057
Total sum: 32.000000
The value of loglikelihood = -9.139037
Node compute-0-21.local waiting for a command
Node compute-0-21.local will start computing gradient log hyperparams
Yahi hai Kinv
Total time taken in cholesky = 0.001577 s
FINAL ERROR = 0.000000
Why yaar? para2 = 4.639506
Dekho bhai -4.252157
2.393390
-0.073637
Node compute-0-21.local waiting for a command
Node compute-0-21.local expecing log hyperparams to be set
------------------
slave set the value of HP as
0.710282
-0.075967
-3.143657

------------------
Dekho bhai naya value AYAA

0.710282
-0.075967
-3.143657
Node compute-0-21.local waiting for a command
Node compute-0-21.local will start computing log likelihood
Total time taken in cholesky = 0.001582 s
FINAL ERROR = 0.000000
Determinant is -70.224652
num_iters is 4
Total threads launched: 32
Time for iter 0: 0.000041
Total threads launched: 64
Time for iter 1: 0.000041
Total threads launched: 128
Time for iter 2: 0.000046
Total threads launched: 256
Time for iter 3: 0.000057
Total sum: 32.000000
The value of loglikelihood = -9.138544
Node compute-0-21.local waiting for a command
Node compute-0-21.local will start computing gradient log hyperparams
Yahi hai Kinv
Total time taken in cholesky = 0.001539 s
FINAL ERROR = 0.000000
Why yaar? para2 = 4.620198
Dekho bhai -4.240380
2.383391
-0.073292
Node compute-0-21.local waiting for a command
Node compute-0-21.local expecing log hyperparams to be set
------------------
slave set the value of HP as
0.710313
-0.075809
-3.143685

------------------
Dekho bhai naya value AYAA

0.710313
-0.075809
-3.143685
Node compute-0-21.local waiting for a command
Node compute-0-21.local will start computing log likelihood
Total time taken in cholesky = 0.001599 s
FINAL ERROR = 0.000000
Determinant is -70.219333
num_iters is 4
Total threads launched: 32
Time for iter 0: 0.000042
Total threads launched: 64
Time for iter 1: 0.000041
Total threads launched: 128
Time for iter 2: 0.000047
Total threads launched: 256
Time for iter 3: 0.000057
Total sum: 32.000000
The value of loglikelihood = -9.138790
Node compute-0-21.local waiting for a command
Node compute-0-21.local will start computing gradient log hyperparams
Yahi hai Kinv
Total time taken in cholesky = 0.001513 s
FINAL ERROR = 0.000000
Why yaar? para2 = 4.629854
Dekho bhai -4.246269
2.388391
-0.073464
Node compute-0-21.local waiting for a command
Node compute-0-21.local expecing log hyperparams to be set
------------------
slave set the value of HP as
0.710329
-0.075731
-3.143700

------------------
Dekho bhai naya value AYAA

0.710329
-0.075731
-3.143700
Node compute-0-21.local waiting for a command
Node compute-0-21.local will start computing log likelihood
Total time taken in cholesky = 0.001625 s
FINAL ERROR = 0.000000
Determinant is -70.216673
num_iters is 4
Total threads launched: 32
Time for iter 0: 0.000041
Total threads launched: 64
Time for iter 1: 0.000040
Total threads launched: 128
Time for iter 2: 0.000046
Total threads launched: 256
Time for iter 3: 0.000057
Total sum: 32.000000
The value of loglikelihood = -9.138914
Node compute-0-21.local waiting for a command
Node compute-0-21.local will start computing gradient log hyperparams
Yahi hai Kinv
Total time taken in cholesky = 0.001556 s
FINAL ERROR = 0.000000
Why yaar? para2 = 4.634680
Dekho bhai -4.249213
2.390891
-0.073550
Node compute-0-21.local waiting for a command
Node compute-0-21.local expecing log hyperparams to be set
------------------
slave set the value of HP as
0.710623
-0.075459
-3.144638

------------------
Dekho bhai naya value AYAA

0.710623
-0.075459
-3.144638
Node compute-0-21.local waiting for a command
Node compute-0-21.local will start computing log likelihood
Total time taken in cholesky = 0.001619 s
FINAL ERROR = 0.000000
Determinant is -70.238708
num_iters is 4
Total threads launched: 32
Time for iter 0: 0.000039
Total threads launched: 64
Time for iter 1: 0.000039
Total threads launched: 128
Time for iter 2: 0.000044
Total threads launched: 256
Time for iter 3: 0.000054
Total sum: 32.000000
The value of loglikelihood = -9.138391
Node compute-0-21.local waiting for a command
Node compute-0-21.local will start computing gradient log hyperparams
Yahi hai Kinv
Total time taken in cholesky = 0.001512 s
FINAL ERROR = 0.000000
Why yaar? para2 = 4.592702
Dekho bhai -4.208580
2.379714
-0.083363
Node compute-0-21.local waiting for a command
Node compute-0-21.local expecing log hyperparams to be set
------------------
slave set the value of HP as
0.710457
-0.075613
-3.144107

------------------
Dekho bhai naya value AYAA

0.710457
-0.075613
-3.144107
Node compute-0-21.local waiting for a command
Node compute-0-21.local will start computing log likelihood
Total time taken in cholesky = 0.001509 s
FINAL ERROR = 0.000000
Determinant is -70.226236
num_iters is 4
Total threads launched: 32
Time for iter 0: 0.000039
Total threads launched: 64
Time for iter 1: 0.000039
Total threads launched: 128
Time for iter 2: 0.000044
Total threads launched: 256
Time for iter 3: 0.000056
Total sum: 32.000000
The value of loglikelihood = -9.138684
Node compute-0-21.local waiting for a command
Node compute-0-21.local will start computing gradient log hyperparams
Yahi hai Kinv
Total time taken in cholesky = 0.001567 s
FINAL ERROR = 0.000000
Why yaar? para2 = 4.616470
Dekho bhai -4.231589
2.386042
-0.077807
Node compute-0-21.local waiting for a command
Node compute-0-21.local expecing log hyperparams to be set
------------------
slave set the value of HP as
0.710381
-0.075449
-3.144584

------------------
Dekho bhai naya value AYAA

0.710381
-0.075449
-3.144584
Node compute-0-21.local waiting for a command
Node compute-0-21.local will start computing log likelihood
Total time taken in cholesky = 0.001514 s
FINAL ERROR = 0.000000
Determinant is -70.215320
num_iters is 4
Total threads launched: 32
Time for iter 0: 0.000039
Total threads launched: 64
Time for iter 1: 0.000040
Total threads launched: 128
Time for iter 2: 0.000044
Total threads launched: 256
Time for iter 3: 0.000055
Total sum: 32.000000
The value of loglikelihood = -9.139434
Node compute-0-21.local waiting for a command
Node compute-0-21.local will start computing gradient log hyperparams
Yahi hai Kinv
Total time taken in cholesky = 0.001584 s
FINAL ERROR = 0.000000
Why yaar? para2 = 4.635303
Dekho bhai -4.251925
2.398110
-0.080459
Node compute-0-21.local waiting for a command
Node compute-0-21.local expecing log hyperparams to be set
------------------
slave set the value of HP as
0.710419
-0.075531
-3.144346

------------------
Dekho bhai naya value AYAA

0.710419
-0.075531
-3.144346
Node compute-0-21.local waiting for a command
Node compute-0-21.local will start computing log likelihood
Total time taken in cholesky = 0.001485 s
FINAL ERROR = 0.000000
Determinant is -70.220779
num_iters is 4
Total threads launched: 32
Time for iter 0: 0.000043
Total threads launched: 64
Time for iter 1: 0.000041
Total threads launched: 128
Time for iter 2: 0.000045
Total threads launched: 256
Time for iter 3: 0.000056
Total sum: 32.000000
The value of loglikelihood = -9.139059
Node compute-0-21.local waiting for a command
Node compute-0-21.local will start computing gradient log hyperparams
Yahi hai Kinv
Total time taken in cholesky = 0.001664 s
FINAL ERROR = 0.000000
Why yaar? para2 = 4.625888
Dekho bhai -4.241761
2.392077
-0.079134
Node compute-0-21.local waiting for a command
Node compute-0-21.local expecing log hyperparams to be set
------------------
slave set the value of HP as
0.710400
-0.075490
-3.144465

------------------
Dekho bhai naya value AYAA

0.710400
-0.075490
-3.144465
Node compute-0-21.local waiting for a command
Node compute-0-21.local will start computing log likelihood
Total time taken in cholesky = 0.001602 s
FINAL ERROR = 0.000000
Determinant is -70.218050
num_iters is 4
Total threads launched: 32
Time for iter 0: 0.000041
Total threads launched: 64
Time for iter 1: 0.000041
Total threads launched: 128
Time for iter 2: 0.000046
Total threads launched: 256
Time for iter 3: 0.000056
Total sum: 32.000000
The value of loglikelihood = -9.139246
Node compute-0-21.local waiting for a command
Node compute-0-21.local will start computing gradient log hyperparams
Yahi hai Kinv
Total time taken in cholesky = 0.001656 s
FINAL ERROR = 0.000000
Why yaar? para2 = 4.630596
Dekho bhai -4.246844
2.395094
-0.079796
Node compute-0-21.local waiting for a command
Node compute-0-21.local expecing log hyperparams to be set
------------------
slave set the value of HP as
0.710391
-0.075470
-3.144525

------------------
Dekho bhai naya value AYAA

0.710391
-0.075470
-3.144525
Node compute-0-21.local waiting for a command
Node compute-0-21.local will start computing log likelihood
Total time taken in cholesky = 0.001591 s
FINAL ERROR = 0.000000
Determinant is -70.216685
num_iters is 4
Total threads launched: 32
Time for iter 0: 0.000042
Total threads launched: 64
Time for iter 1: 0.000041
Total threads launched: 128
Time for iter 2: 0.000045
Total threads launched: 256
Time for iter 3: 0.000056
Total sum: 32.000000
The value of loglikelihood = -9.139340
Node compute-0-21.local waiting for a command
Node compute-0-21.local will start computing gradient log hyperparams
Yahi hai Kinv
Total time taken in cholesky = 0.001628 s
FINAL ERROR = 0.000000
Why yaar? para2 = 4.632949
Dekho bhai -4.249385
2.396602
-0.080128
Node compute-0-21.local waiting for a command
Node compute-0-21.local expecing log hyperparams to be set
------------------
slave set the value of HP as
0.710266
-0.075757
-3.145059

------------------
Dekho bhai naya value AYAA

0.710266
-0.075757
-3.145059
Node compute-0-21.local waiting for a command
Node compute-0-21.local will start computing log likelihood
Total time taken in cholesky = 0.001641 s
FINAL ERROR = 0.000000
Determinant is -70.226124
num_iters is 4
Total threads launched: 32
Time for iter 0: 0.000041
Total threads launched: 64
Time for iter 1: 0.000041
Total threads launched: 128
Time for iter 2: 0.000047
Total threads launched: 256
Time for iter 3: 0.000057
Total sum: 32.000000
The value of loglikelihood = -9.139224
Node compute-0-21.local waiting for a command
Node compute-0-21.local will start computing gradient log hyperparams
Yahi hai Kinv
Total time taken in cholesky = 0.001621 s
FINAL ERROR = 0.000000
Why yaar? para2 = 4.614536
Dekho bhai -4.244439
2.391070
-0.083802
Node compute-0-21.local waiting for a command
Node compute-0-21.local expecing log hyperparams to be set
------------------
slave set the value of HP as
0.709791
-0.076007
-3.145454

------------------
Dekho bhai naya value AYAA

0.709791
-0.076007
-3.145454
Node compute-0-21.local waiting for a command
Node compute-0-21.local will start computing log likelihood
Total time taken in cholesky = 0.001600 s
FINAL ERROR = 0.000000
Determinant is -70.199807
num_iters is 4
Total threads launched: 32
Time for iter 0: 0.000042
Total threads launched: 64
Time for iter 1: 0.000041
Total threads launched: 128
Time for iter 2: 0.000045
Total threads launched: 256
Time for iter 3: 0.000057
Total sum: 32.000000
The value of loglikelihood = -9.140688
Node compute-0-21.local waiting for a command
Node compute-0-21.local will start computing gradient log hyperparams
Yahi hai Kinv
Total time taken in cholesky = 0.001623 s
FINAL ERROR = 0.000000
Why yaar? para2 = 4.661312
Dekho bhai -4.304426
2.413368
-0.082712
Node compute-0-21.local waiting for a command
Node compute-0-21.local expecing log hyperparams to be set
------------------
slave set the value of HP as
0.710190
-0.075797
-3.145123

------------------
Dekho bhai naya value AYAA

0.710190
-0.075797
-3.145123
Node compute-0-21.local waiting for a command
Node compute-0-21.local will start computing log likelihood
Total time taken in cholesky = 0.001675 s
FINAL ERROR = 0.000000
Determinant is -70.221886
num_iters is 4
Total threads launched: 32
Time for iter 0: 0.000040
Total threads launched: 64
Time for iter 1: 0.000041
Total threads launched: 128
Time for iter 2: 0.000046
Total threads launched: 256
Time for iter 3: 0.000057
Total sum: 32.000000
The value of loglikelihood = -9.139458
Node compute-0-21.local waiting for a command
Node compute-0-21.local will start computing gradient log hyperparams
Yahi hai Kinv
Total time taken in cholesky = 0.001599 s
FINAL ERROR = 0.000000
Why yaar? para2 = 4.622075
Dekho bhai -4.254116
2.394665
-0.083628
Node compute-0-21.local waiting for a command
Node compute-0-21.local expecing log hyperparams to be set
------------------
slave set the value of HP as
0.710113
-0.075992
-3.145162

------------------
Dekho bhai naya value AYAA

0.710113
-0.075992
-3.145162
Node compute-0-21.local waiting for a command
Node compute-0-21.local will start computing log likelihood
Total time taken in cholesky = 0.001625 s
FINAL ERROR = 0.000000
Determinant is -70.225735
num_iters is 4
Total threads launched: 32
Time for iter 0: 0.000042
Total threads launched: 64
Time for iter 1: 0.000041
Total threads launched: 128
Time for iter 2: 0.000046
Total threads launched: 256
Time for iter 3: 0.000057
Total sum: 32.000000
The value of loglikelihood = -9.139321
Node compute-0-21.local waiting for a command
Node compute-0-21.local will start computing gradient log hyperparams
Yahi hai Kinv
Total time taken in cholesky = 0.001616 s
FINAL ERROR = 0.000000
Why yaar? para2 = 4.614927
Dekho bhai -4.252651
2.391094
-0.083630
Node compute-0-21.local waiting for a command
Node compute-0-21.local expecing log hyperparams to be set
------------------
slave set the value of HP as
0.710151
-0.075894
-3.145142

------------------
Dekho bhai naya value AYAA

0.710151
-0.075894
-3.145142
Node compute-0-21.local waiting for a command
Node compute-0-21.local will start computing log likelihood
Total time taken in cholesky = 0.001592 s
FINAL ERROR = 0.000000
Determinant is -70.223810
num_iters is 4
Total threads launched: 32
Time for iter 0: 0.000041
Total threads launched: 64
Time for iter 1: 0.000041
Total threads launched: 128
Time for iter 2: 0.000047
Total threads launched: 256
Time for iter 3: 0.000057
Total sum: 32.000000
The value of loglikelihood = -9.139390
Node compute-0-21.local waiting for a command
Node compute-0-21.local will start computing gradient log hyperparams
Yahi hai Kinv
Total time taken in cholesky = 0.001601 s
FINAL ERROR = 0.000000
Why yaar? para2 = 4.618502
Dekho bhai -4.253384
2.392880
-0.083629
Node compute-0-21.local waiting for a command
Node compute-0-21.local expecing log hyperparams to be set
------------------
slave set the value of HP as
0.710132
-0.075943
-3.145152

------------------
Dekho bhai naya value AYAA

0.710132
-0.075943
-3.145152
Node compute-0-21.local waiting for a command
Node compute-0-21.local will start computing log likelihood
Total time taken in cholesky = 0.001603 s
FINAL ERROR = 0.000000
Determinant is -70.224773
num_iters is 4
Total threads launched: 32
Time for iter 0: 0.000042
Total threads launched: 64
Time for iter 1: 0.000040
Total threads launched: 128
Time for iter 2: 0.000045
Total threads launched: 256
Time for iter 3: 0.000056
Total sum: 32.000000
The value of loglikelihood = -9.139355
Node compute-0-21.local waiting for a command
Node compute-0-21.local will start computing gradient log hyperparams
Yahi hai Kinv
Total time taken in cholesky = 0.001590 s
FINAL ERROR = 0.000000
Why yaar? para2 = 4.616715
Dekho bhai -4.253018
2.391987
-0.083629
Node compute-0-21.local waiting for a command
Node compute-0-21.local expecing log hyperparams to be set
------------------
slave set the value of HP as
0.709979
-0.076000
-3.144876

------------------
Dekho bhai naya value AYAA

0.709979
-0.076000
-3.144876
Node compute-0-21.local waiting for a command
Node compute-0-21.local will start computing log likelihood
Total time taken in cholesky = 0.001596 s
FINAL ERROR = 0.000000
Determinant is -70.210913
num_iters is 4
Total threads launched: 32
Time for iter 0: 0.000041
Total threads launched: 64
Time for iter 1: 0.000041
Total threads launched: 128
Time for iter 2: 0.000046
Total threads launched: 256
Time for iter 3: 0.000057
Total sum: 32.000000
The value of loglikelihood = -9.139850
Node compute-0-21.local waiting for a command
Node compute-0-21.local will start computing gradient log hyperparams
Yahi hai Kinv
Total time taken in cholesky = 0.001570 s
FINAL ERROR = 0.000000
Why yaar? para2 = 4.642455
Dekho bhai -4.278187
2.401241
-0.080014
Node compute-0-21.local waiting for a command
Node compute-0-21.local expecing log hyperparams to be set
------------------
slave set the value of HP as
0.710117
-0.075949
-3.145125

------------------
Dekho bhai naya value AYAA

0.710117
-0.075949
-3.145125
Node compute-0-21.local waiting for a command
Node compute-0-21.local will start computing log likelihood
Total time taken in cholesky = 0.001577 s
FINAL ERROR = 0.000000
Determinant is -70.223386
num_iters is 4
Total threads launched: 32
Time for iter 0: 0.000041
Total threads launched: 64
Time for iter 1: 0.000040
Total threads launched: 128
Time for iter 2: 0.000045
Total threads launched: 256
Time for iter 3: 0.000057
Total sum: 32.000000
The value of loglikelihood = -9.139404
Node compute-0-21.local waiting for a command
Node compute-0-21.local will start computing gradient log hyperparams
Yahi hai Kinv
Total time taken in cholesky = 0.001515 s
FINAL ERROR = 0.000000
Why yaar? para2 = 4.619290
Dekho bhai -4.255536
2.392912
-0.083268
Node compute-0-21.local waiting for a command
Node compute-0-21.local expecing log hyperparams to be set
------------------
slave set the value of HP as
0.710125
-0.075946
-3.145139

------------------
Dekho bhai naya value AYAA

0.710125
-0.075946
-3.145139
Node compute-0-21.local waiting for a command
Node compute-0-21.local will start computing log likelihood
Total time taken in cholesky = 0.001583 s
FINAL ERROR = 0.000000
Determinant is -70.224080
num_iters is 4
Total threads launched: 32
Time for iter 0: 0.000041
Total threads launched: 64
Time for iter 1: 0.000041
Total threads launched: 128
Time for iter 2: 0.000046
Total threads launched: 256
Time for iter 3: 0.000057
Total sum: 32.000000
The value of loglikelihood = -9.139380
Node compute-0-21.local waiting for a command
Node compute-0-21.local will start computing gradient log hyperparams
Yahi hai Kinv
Total time taken in cholesky = 0.001541 s
FINAL ERROR = 0.000000
Why yaar? para2 = 4.618002
Dekho bhai -4.254277
2.392450
-0.083449
Node compute-0-21.local waiting for a command
Node compute-0-21.local expecing log hyperparams to be set
------------------
slave set the value of HP as
0.710121
-0.075947
-3.145132

------------------
Dekho bhai naya value AYAA

0.710121
-0.075947
-3.145132
Node compute-0-21.local waiting for a command
Node compute-0-21.local will start computing log likelihood
Total time taken in cholesky = 0.001654 s
FINAL ERROR = 0.000000
Determinant is -70.223733
num_iters is 4
Total threads launched: 32
Time for iter 0: 0.000041
Total threads launched: 64
Time for iter 1: 0.000041
Total threads launched: 128
Time for iter 2: 0.000045
Total threads launched: 256
Time for iter 3: 0.000057
Total sum: 32.000000
The value of loglikelihood = -9.139392
Node compute-0-21.local waiting for a command
Node compute-0-21.local will start computing gradient log hyperparams
Yahi hai Kinv
Total time taken in cholesky = 0.001519 s
FINAL ERROR = 0.000000
Why yaar? para2 = 4.618646
Dekho bhai -4.254907
2.392681
-0.083358
Node compute-0-21.local waiting for a command
Node compute-0-21.local expecing log hyperparams to be set
------------------
slave set the value of HP as
0.710119
-0.075948
-3.145128

------------------
Dekho bhai naya value AYAA

0.710119
-0.075948
-3.145128
Node compute-0-21.local waiting for a command
Node compute-0-21.local will start computing log likelihood
Total time taken in cholesky = 0.001555 s
FINAL ERROR = 0.000000
Determinant is -70.223560
num_iters is 4
Total threads launched: 32
Time for iter 0: 0.000038
Total threads launched: 64
Time for iter 1: 0.000038
Total threads launched: 128
Time for iter 2: 0.000044
Total threads launched: 256
Time for iter 3: 0.000054
Total sum: 32.000000
The value of loglikelihood = -9.139398
Node compute-0-21.local waiting for a command
Node compute-0-21.local will start computing gradient log hyperparams
Yahi hai Kinv
Total time taken in cholesky = 0.001514 s
FINAL ERROR = 0.000000
Why yaar? para2 = 4.618968
Dekho bhai -4.255221
2.392797
-0.083313
Node compute-0-21.local waiting for a command
Node compute-0-21.local expecing log hyperparams to be set
------------------
slave set the value of HP as
0.710120
-0.075960
-3.145098

------------------
Dekho bhai naya value AYAA

0.710120
-0.075960
-3.145098
Node compute-0-21.local waiting for a command
Node compute-0-21.local will start computing log likelihood
Total time taken in cholesky = 0.001516 s
FINAL ERROR = 0.000000
Determinant is -70.223975
num_iters is 4
Total threads launched: 32
Time for iter 0: 0.000039
Total threads launched: 64
Time for iter 1: 0.000039
Total threads launched: 128
Time for iter 2: 0.000043
Total threads launched: 256
Time for iter 3: 0.000055
Total sum: 32.000000
The value of loglikelihood = -9.139363
Node compute-0-21.local waiting for a command
Node compute-0-21.local will start computing gradient log hyperparams
Yahi hai Kinv
Total time taken in cholesky = 0.001577 s
FINAL ERROR = 0.000000
Why yaar? para2 = 4.618277
Dekho bhai -4.254506
2.392244
-0.083106
Node compute-0-21.local waiting for a command
Node compute-0-21.local expecing log hyperparams to be set
------------------
slave set the value of HP as
0.710120
-0.075960
-3.145098

------------------
Dekho bhai naya value AYAA

0.710120
-0.075960
-3.145098
Node compute-0-21.local waiting for a command
Node compute-0-21.local got DONE message. Return!
