Trying to listen on port 15618
Hostname compute-0-17.local is listening on port 15618 with listenfd = 3
Node is compute-0-17.local and Master is compute-0-25.local. Number of workers is 4
Host compute-0-17.local connected to master, connfd is 4
Host compute-0-17.local got worker id as 3
Worker skipping cg_solve(), instead calling accept_commands
Node compute-0-17.local waiting for a command
Node compute-0-17.local will start computing log likelihood
Node compute-0-17.local waiting for a command
Node compute-0-17.local will start computing gradient log hyperparams
Node compute-0-17.local waiting for a command
Node compute-0-17.local will start computing gradient log hyperparams
Node compute-0-17.local waiting for a command
Node compute-0-17.local expecing log hyperparams to be set
Node compute-0-17.local waiting for a command
Node compute-0-17.local will start computing log likelihood
Node compute-0-17.local waiting for a command
Node compute-0-17.local will start computing gradient log hyperparams
Node compute-0-17.local waiting for a command
Node compute-0-17.local expecing log hyperparams to be set
Node compute-0-17.local waiting for a command
Node compute-0-17.local will start computing log likelihood
Node compute-0-17.local waiting for a command
Node compute-0-17.local will start computing gradient log hyperparams
Node compute-0-17.local waiting for a command
Node compute-0-17.local expecing log hyperparams to be set
Node compute-0-17.local waiting for a command
Node compute-0-17.local will start computing log likelihood
Node compute-0-17.local waiting for a command
Node compute-0-17.local will start computing gradient log hyperparams
Node compute-0-17.local waiting for a command
Node compute-0-17.local expecing log hyperparams to be set
Node compute-0-17.local waiting for a command
Node compute-0-17.local will start computing log likelihood
Node compute-0-17.local waiting for a command
Node compute-0-17.local will start computing gradient log hyperparams
Node compute-0-17.local waiting for a command
Node compute-0-17.local expecing log hyperparams to be set
Node compute-0-17.local waiting for a command
Node compute-0-17.local will start computing log likelihood
Node compute-0-17.local waiting for a command
Node compute-0-17.local will start computing gradient log hyperparams
Node compute-0-17.local waiting for a command
Node compute-0-17.local expecing log hyperparams to be set
Node compute-0-17.local waiting for a command
Node compute-0-17.local will start computing log likelihood
Node compute-0-17.local waiting for a command
Node compute-0-17.local will start computing gradient log hyperparams
Node compute-0-17.local waiting for a command
Node compute-0-17.local expecing log hyperparams to be set
Node compute-0-17.local waiting for a command
Node compute-0-17.local will start computing log likelihood
Node compute-0-17.local waiting for a command
Node compute-0-17.local will start computing gradient log hyperparams
Node compute-0-17.local waiting for a command
Node compute-0-17.local expecing log hyperparams to be set
Node compute-0-17.local waiting for a command
Node compute-0-17.local will start computing log likelihood
Node compute-0-17.local waiting for a command
Node compute-0-17.local will start computing gradient log hyperparams
Node compute-0-17.local waiting for a command
Node compute-0-17.local expecing log hyperparams to be set
Node compute-0-17.local waiting for a command
Node compute-0-17.local will start computing log likelihood
Node compute-0-17.local waiting for a command
Node compute-0-17.local will start computing gradient log hyperparams
Node compute-0-17.local waiting for a command
Node compute-0-17.local expecing log hyperparams to be set
Node compute-0-17.local waiting for a command
Node compute-0-17.local will start computing log likelihood
Node compute-0-17.local waiting for a command
Node compute-0-17.local will start computing gradient log hyperparams
Node compute-0-17.local waiting for a command
Node compute-0-17.local expecing log hyperparams to be set
Node compute-0-17.local waiting for a command
Node compute-0-17.local will start computing log likelihood
Node compute-0-17.local waiting for a command
Node compute-0-17.local will start computing gradient log hyperparams
Node compute-0-17.local waiting for a command
Node compute-0-17.local expecing log hyperparams to be set
Node compute-0-17.local waiting for a command
Node compute-0-17.local will start computing log likelihood
Node compute-0-17.local waiting for a command
Node compute-0-17.local will start computing gradient log hyperparams
Node compute-0-17.local waiting for a command
Node compute-0-17.local expecing log hyperparams to be set
Node compute-0-17.local waiting for a command
Node compute-0-17.local will start computing log likelihood
Node compute-0-17.local waiting for a command
Node compute-0-17.local will start computing gradient log hyperparams
Node compute-0-17.local waiting for a command
Node compute-0-17.local expecing log hyperparams to be set
Node compute-0-17.local waiting for a command
Node compute-0-17.local will start computing log likelihood
Node compute-0-17.local waiting for a command
Node compute-0-17.local will start computing gradient log hyperparams
Node compute-0-17.local waiting for a command
Node compute-0-17.local expecing log hyperparams to be set
Node compute-0-17.local waiting for a command
Node compute-0-17.local will start computing log likelihood
Node compute-0-17.local waiting for a command
Node compute-0-17.local will start computing gradient log hyperparams
Node compute-0-17.local waiting for a command
Node compute-0-17.local expecing log hyperparams to be set
Node compute-0-17.local waiting for a command
Node compute-0-17.local will start computing log likelihood
Node compute-0-17.local waiting for a command
Node compute-0-17.local will start computing gradient log hyperparams
Node compute-0-17.local waiting for a command
Node compute-0-17.local expecing log hyperparams to be set
Node compute-0-17.local waiting for a command
Node compute-0-17.local will start computing log likelihood
Node compute-0-17.local waiting for a command
Node compute-0-17.local will start computing gradient log hyperparams
Node compute-0-17.local waiting for a command
Node compute-0-17.local expecing log hyperparams to be set
Node compute-0-17.local waiting for a command
Node compute-0-17.local will start computing log likelihood
Node compute-0-17.local waiting for a command
Node compute-0-17.local will start computing gradient log hyperparams
Node compute-0-17.local waiting for a command
Node compute-0-17.local expecing log hyperparams to be set
Node compute-0-17.local waiting for a command
Node compute-0-17.local will start computing log likelihood
Node compute-0-17.local waiting for a command
Node compute-0-17.local will start computing gradient log hyperparams
Node compute-0-17.local waiting for a command
Node compute-0-17.local expecing log hyperparams to be set
Node compute-0-17.local waiting for a command
Node compute-0-17.local will start computing log likelihood
Node compute-0-17.local waiting for a command
Node compute-0-17.local will start computing gradient log hyperparams
Node compute-0-17.local waiting for a command
Node compute-0-17.local expecing log hyperparams to be set
Node compute-0-17.local waiting for a command
Node compute-0-17.local will start computing log likelihood
Node compute-0-17.local waiting for a command
Node compute-0-17.local will start computing gradient log hyperparams
Node compute-0-17.local waiting for a command
Node compute-0-17.local expecing log hyperparams to be set
Node compute-0-17.local waiting for a command
Node compute-0-17.local will start computing log likelihood
Node compute-0-17.local waiting for a command
Node compute-0-17.local will start computing gradient log hyperparams
Node compute-0-17.local waiting for a command
Node compute-0-17.local expecing log hyperparams to be set
Node compute-0-17.local waiting for a command
Node compute-0-17.local will start computing log likelihood
Node compute-0-17.local waiting for a command
Node compute-0-17.local will start computing gradient log hyperparams
Node compute-0-17.local waiting for a command
Node compute-0-17.local expecing log hyperparams to be set
Node compute-0-17.local waiting for a command
Node compute-0-17.local will start computing log likelihood
Node compute-0-17.local waiting for a command
Node compute-0-17.local will start computing gradient log hyperparams
Node compute-0-17.local waiting for a command
Node compute-0-17.local expecing log hyperparams to be set
Node compute-0-17.local waiting for a command
Node compute-0-17.local will start computing log likelihood
Node compute-0-17.local waiting for a command
Node compute-0-17.local will start computing gradient log hyperparams
Node compute-0-17.local waiting for a command
Node compute-0-17.local expecing log hyperparams to be set
Node compute-0-17.local waiting for a command
Node compute-0-17.local will start computing log likelihood
Node compute-0-17.local waiting for a command
Node compute-0-17.local will start computing gradient log hyperparams
Node compute-0-17.local waiting for a command
Node compute-0-17.local expecing log hyperparams to be set
Node compute-0-17.local waiting for a command
Node compute-0-17.local will start computing log likelihood
Node compute-0-17.local waiting for a command
Node compute-0-17.local will start computing gradient log hyperparams
Node compute-0-17.local waiting for a command
Node compute-0-17.local expecing log hyperparams to be set
Node compute-0-17.local waiting for a command
Node compute-0-17.local will start computing log likelihood
Node compute-0-17.local waiting for a command
Node compute-0-17.local will start computing gradient log hyperparams
Node compute-0-17.local waiting for a command
Node compute-0-17.local expecing log hyperparams to be set
Node compute-0-17.local waiting for a command
Node compute-0-17.local will start computing log likelihood
Node compute-0-17.local waiting for a command
Node compute-0-17.local will start computing gradient log hyperparams
Node compute-0-17.local waiting for a command
Node compute-0-17.local expecing log hyperparams to be set
Node compute-0-17.local waiting for a command
Node compute-0-17.local will start computing log likelihood
Node compute-0-17.local waiting for a command
Node compute-0-17.local will start computing gradient log hyperparams
Node compute-0-17.local waiting for a command
Node compute-0-17.local expecing log hyperparams to be set
Node compute-0-17.local waiting for a command
Node compute-0-17.local will start computing log likelihood
Node compute-0-17.local waiting for a command
Node compute-0-17.local will start computing gradient log hyperparams
Node compute-0-17.local waiting for a command
Node compute-0-17.local expecing log hyperparams to be set
Node compute-0-17.local waiting for a command
Node compute-0-17.local will start computing log likelihood
Node compute-0-17.local waiting for a command
Node compute-0-17.local will start computing gradient log hyperparams
Node compute-0-17.local waiting for a command
Node compute-0-17.local expecing log hyperparams to be set
Node compute-0-17.local waiting for a command
Node compute-0-17.local will start computing log likelihood
Node compute-0-17.local waiting for a command
Node compute-0-17.local will start computing gradient log hyperparams
Node compute-0-17.local waiting for a command
Node compute-0-17.local expecing log hyperparams to be set
Node compute-0-17.local waiting for a command
Node compute-0-17.local will start computing log likelihood
Node compute-0-17.local waiting for a command
Node compute-0-17.local will start computing gradient log hyperparams
Node compute-0-17.local waiting for a command
Node compute-0-17.local expecing log hyperparams to be set
Node compute-0-17.local waiting for a command
Node compute-0-17.local will start computing log likelihood
Node compute-0-17.local waiting for a command
Node compute-0-17.local will start computing gradient log hyperparams
Node compute-0-17.local waiting for a command
Node compute-0-17.local expecing log hyperparams to be set
Node compute-0-17.local waiting for a command
Node compute-0-17.local will start computing log likelihood
Node compute-0-17.local waiting for a command
Node compute-0-17.local will start computing gradient log hyperparams
Node compute-0-17.local waiting for a command
Node compute-0-17.local expecing log hyperparams to be set
Node compute-0-17.local waiting for a command
Node compute-0-17.local will start computing log likelihood
Node compute-0-17.local waiting for a command
Node compute-0-17.local will start computing gradient log hyperparams
Node compute-0-17.local waiting for a command
Node compute-0-17.local expecing log hyperparams to be set
Node compute-0-17.local waiting for a command
Node compute-0-17.local will start computing log likelihood
Node compute-0-17.local waiting for a command
Node compute-0-17.local will start computing gradient log hyperparams
Node compute-0-17.local waiting for a command
Node compute-0-17.local expecing log hyperparams to be set
Node compute-0-17.local waiting for a command
Node compute-0-17.local will start computing log likelihood
Node compute-0-17.local waiting for a command
Node compute-0-17.local will start computing gradient log hyperparams
Node compute-0-17.local waiting for a command
Node compute-0-17.local expecing log hyperparams to be set
Node compute-0-17.local waiting for a command
Node compute-0-17.local will start computing log likelihood
Node compute-0-17.local waiting for a command
Node compute-0-17.local will start computing gradient log hyperparams
Node compute-0-17.local waiting for a command
Node compute-0-17.local expecing log hyperparams to be set
Node compute-0-17.local waiting for a command
Node compute-0-17.local will start computing log likelihood
Node compute-0-17.local waiting for a command
Node compute-0-17.local will start computing gradient log hyperparams
Node compute-0-17.local waiting for a command
Node compute-0-17.local expecing log hyperparams to be set
Node compute-0-17.local waiting for a command
Node compute-0-17.local will start computing log likelihood
Node compute-0-17.local waiting for a command
Node compute-0-17.local will start computing gradient log hyperparams
Node compute-0-17.local waiting for a command
Node compute-0-17.local expecing log hyperparams to be set
Node compute-0-17.local waiting for a command
Node compute-0-17.local will start computing log likelihood
Node compute-0-17.local waiting for a command
Node compute-0-17.local will start computing gradient log hyperparams
Node compute-0-17.local waiting for a command
Node compute-0-17.local expecing log hyperparams to be set
Node compute-0-17.local waiting for a command
Node compute-0-17.local will start computing log likelihood
Node compute-0-17.local waiting for a command
Node compute-0-17.local will start computing gradient log hyperparams
Node compute-0-17.local waiting for a command
Node compute-0-17.local expecing log hyperparams to be set
Node compute-0-17.local waiting for a command
Node compute-0-17.local will start computing log likelihood
Node compute-0-17.local waiting for a command
Node compute-0-17.local will start computing gradient log hyperparams
Node compute-0-17.local waiting for a command
Node compute-0-17.local expecing log hyperparams to be set
Node compute-0-17.local waiting for a command
Node compute-0-17.local will start computing log likelihood
Node compute-0-17.local waiting for a command
Node compute-0-17.local will start computing gradient log hyperparams
Node compute-0-17.local waiting for a command
Node compute-0-17.local expecing log hyperparams to be set
Node compute-0-17.local waiting for a command
Node compute-0-17.local will start computing log likelihood
Node compute-0-17.local waiting for a command
Node compute-0-17.local will start computing gradient log hyperparams
Node compute-0-17.local waiting for a command
Node compute-0-17.local expecing log hyperparams to be set
Node compute-0-17.local waiting for a command
Node compute-0-17.local will start computing log likelihood
Node compute-0-17.local waiting for a command
Node compute-0-17.local will start computing gradient log hyperparams
Node compute-0-17.local waiting for a command
Node compute-0-17.local expecing log hyperparams to be set
Node compute-0-17.local waiting for a command
Node compute-0-17.local will start computing log likelihood
Node compute-0-17.local waiting for a command
Node compute-0-17.local will start computing gradient log hyperparams
Node compute-0-17.local waiting for a command
Node compute-0-17.local expecing log hyperparams to be set
Node compute-0-17.local waiting for a command
Node compute-0-17.local will start computing log likelihood
Node compute-0-17.local waiting for a command
Node compute-0-17.local will start computing gradient log hyperparams
Node compute-0-17.local waiting for a command
Node compute-0-17.local expecing log hyperparams to be set
Node compute-0-17.local waiting for a command
Node compute-0-17.local will start computing log likelihood
Node compute-0-17.local waiting for a command
Node compute-0-17.local will start computing gradient log hyperparams
Node compute-0-17.local waiting for a command
Node compute-0-17.local expecing log hyperparams to be set
Node compute-0-17.local waiting for a command
Node compute-0-17.local will start computing log likelihood
Node compute-0-17.local waiting for a command
Node compute-0-17.local will start computing gradient log hyperparams
Node compute-0-17.local waiting for a command
Node compute-0-17.local expecing log hyperparams to be set
Node compute-0-17.local waiting for a command
Node compute-0-17.local will start computing log likelihood
Node compute-0-17.local waiting for a command
Node compute-0-17.local will start computing gradient log hyperparams
Node compute-0-17.local waiting for a command
Node compute-0-17.local expecing log hyperparams to be set
Node compute-0-17.local waiting for a command
Node compute-0-17.local will start computing log likelihood
Node compute-0-17.local waiting for a command
Node compute-0-17.local will start computing gradient log hyperparams
Node compute-0-17.local waiting for a command
Node compute-0-17.local expecing log hyperparams to be set
Node compute-0-17.local waiting for a command
Node compute-0-17.local will start computing log likelihood
Node compute-0-17.local waiting for a command
Node compute-0-17.local will start computing gradient log hyperparams
Node compute-0-17.local waiting for a command
Node compute-0-17.local expecing log hyperparams to be set
Node compute-0-17.local waiting for a command
Node compute-0-17.local will start computing log likelihood
Node compute-0-17.local waiting for a command
Node compute-0-17.local will start computing gradient log hyperparams
Node compute-0-17.local waiting for a command
Node compute-0-17.local expecing log hyperparams to be set
Node compute-0-17.local waiting for a command
Node compute-0-17.local will start computing log likelihood
Node compute-0-17.local waiting for a command
Node compute-0-17.local will start computing gradient log hyperparams
Node compute-0-17.local waiting for a command
Node compute-0-17.local expecing log hyperparams to be set
Node compute-0-17.local waiting for a command
Node compute-0-17.local will start computing log likelihood
Node compute-0-17.local waiting for a command
Node compute-0-17.local will start computing gradient log hyperparams
Node compute-0-17.local waiting for a command
Node compute-0-17.local expecing log hyperparams to be set
Node compute-0-17.local waiting for a command
Node compute-0-17.local will start computing log likelihood
Node compute-0-17.local waiting for a command
Node compute-0-17.local will start computing gradient log hyperparams
Node compute-0-17.local waiting for a command
Node compute-0-17.local expecing log hyperparams to be set
Node compute-0-17.local waiting for a command
Node compute-0-17.local will start computing log likelihood
Node compute-0-17.local waiting for a command
Node compute-0-17.local will start computing gradient log hyperparams
Node compute-0-17.local waiting for a command
Node compute-0-17.local expecing log hyperparams to be set
Node compute-0-17.local waiting for a command
Node compute-0-17.local will start computing log likelihood
Node compute-0-17.local waiting for a command
Node compute-0-17.local will start computing gradient log hyperparams
Node compute-0-17.local waiting for a command
Node compute-0-17.local expecing log hyperparams to be set
Node compute-0-17.local waiting for a command
Node compute-0-17.local will start computing log likelihood
Node compute-0-17.local waiting for a command
Node compute-0-17.local will start computing gradient log hyperparams
Node compute-0-17.local waiting for a command
Node compute-0-17.local expecing log hyperparams to be set
Node compute-0-17.local waiting for a command
Node compute-0-17.local will start computing log likelihood
Node compute-0-17.local waiting for a command
Node compute-0-17.local will start computing gradient log hyperparams
Node compute-0-17.local waiting for a command
Node compute-0-17.local expecing log hyperparams to be set
Node compute-0-17.local waiting for a command
Node compute-0-17.local will start computing log likelihood
Node compute-0-17.local waiting for a command
Node compute-0-17.local will start computing gradient log hyperparams
Node compute-0-17.local waiting for a command
Node compute-0-17.local expecing log hyperparams to be set
Node compute-0-17.local waiting for a command
Node compute-0-17.local will start computing log likelihood
Node compute-0-17.local waiting for a command
Node compute-0-17.local will start computing gradient log hyperparams
Node compute-0-17.local waiting for a command
Node compute-0-17.local expecing log hyperparams to be set
Node compute-0-17.local waiting for a command
Node compute-0-17.local will start computing log likelihood
Node compute-0-17.local waiting for a command
Node compute-0-17.local will start computing gradient log hyperparams
Node compute-0-17.local waiting for a command
Node compute-0-17.local expecing log hyperparams to be set
Node compute-0-17.local waiting for a command
Node compute-0-17.local will start computing log likelihood
Node compute-0-17.local waiting for a command
Node compute-0-17.local will start computing gradient log hyperparams
Node compute-0-17.local waiting for a command
Node compute-0-17.local expecing log hyperparams to be set
Node compute-0-17.local waiting for a command
Node compute-0-17.local will start computing log likelihood
Node compute-0-17.local waiting for a command
Node compute-0-17.local will start computing gradient log hyperparams
Node compute-0-17.local waiting for a command
Node compute-0-17.local expecing log hyperparams to be set
Node compute-0-17.local waiting for a command
Node compute-0-17.local will start computing log likelihood
Node compute-0-17.local waiting for a command
Node compute-0-17.local will start computing gradient log hyperparams
Node compute-0-17.local waiting for a command
Node compute-0-17.local expecing log hyperparams to be set
Node compute-0-17.local waiting for a command
Node compute-0-17.local will start computing log likelihood
Node compute-0-17.local waiting for a command
Node compute-0-17.local will start computing gradient log hyperparams
Node compute-0-17.local waiting for a command
Node compute-0-17.local expecing log hyperparams to be set
Node compute-0-17.local waiting for a command
Node compute-0-17.local will start computing log likelihood
Node compute-0-17.local waiting for a command
Node compute-0-17.local will start computing gradient log hyperparams
Node compute-0-17.local waiting for a command
Node compute-0-17.local expecing log hyperparams to be set
Node compute-0-17.local waiting for a command
Node compute-0-17.local will start computing log likelihood
Node compute-0-17.local waiting for a command
Node compute-0-17.local will start computing gradient log hyperparams
Node compute-0-17.local waiting for a command
Node compute-0-17.local expecing log hyperparams to be set
Node compute-0-17.local waiting for a command
Node compute-0-17.local will start computing log likelihood
Node compute-0-17.local waiting for a command
Node compute-0-17.local will start computing gradient log hyperparams
Node compute-0-17.local waiting for a command
Node compute-0-17.local expecing log hyperparams to be set
Node compute-0-17.local waiting for a command
Node compute-0-17.local will start computing log likelihood
Node compute-0-17.local waiting for a command
Node compute-0-17.local will start computing gradient log hyperparams
Node compute-0-17.local waiting for a command
Node compute-0-17.local expecing log hyperparams to be set
Node compute-0-17.local waiting for a command
Node compute-0-17.local will start computing log likelihood
Node compute-0-17.local waiting for a command
Node compute-0-17.local will start computing gradient log hyperparams
Node compute-0-17.local waiting for a command
Node compute-0-17.local expecing log hyperparams to be set
Node compute-0-17.local waiting for a command
Node compute-0-17.local got DONE message. Return!
