Trying to listen on port 15618
Hostname compute-0-33.local is listening on port 15618 with listenfd = 3
Node is compute-0-33.local and Master is compute-0-33.local. Number of workers is 1
Master calling cg_solve()
YEEEEEEEEEEEEEEEHH setup call huaa
Inside read_input_and_copy_to_GPUs
Reading inputs boy
Number of inputs = 10000
reading labels 
Okay boy.. reading and malloc done

Dekho bhai naya value AYAA

1.500000
1.500000
1.500000
----------------------------the values are:- 
1.500000
1.500000
1.500000

----------------------------compute_K_train hota hai
Haaaar REE call hua
okay cholesky went fine
Time taken for CUSOLVER cholesky: 1.691959
Determinant is 35780.378206
okay NOW TMI with cublas instead of our call
time taken by cublas-TMI-inverse = 0.002817


 ############# PRODUCT YEH AYA = 90.440473
product vala term = 90.440473
The value of loglikelihood = -27124.759339
Final ll_sum is -27124.759339
Haaaar REE call hua
okay cholesky went fine
Time taken for CUSOLVER cholesky: 1.671885
time taken by cublas-TMI-inverse = 0.002841
Why yaar? para2 = 19819.119055
Dekho bhai -1.604817
3610.300904
6299.258624
Final gradients of log hyperparams are -1.604817, 3610.300904, 6299.258624
27124.8


 PLEASE-SEE 1 : 1.500000, 1.499932, 1.499881

Dekho bhai naya value AYAA

1.500000
1.499932
1.499881
----------------------------the values are:- 
1.500000
1.499932
1.499881

----------------------------compute_K_train hota hai
Haaaar REE call hua
okay cholesky went fine
Time taken for CUSOLVER cholesky: 1.674279
Determinant is 35778.362321
okay NOW TMI with cublas instead of our call
time taken by cublas-TMI-inverse = 0.002847


 ############# PRODUCT YEH AYA = 90.456366
product vala term = 90.456366
The value of loglikelihood = -27123.759344
Final ll_sum is -27123.759344
Haaaar REE call hua
okay cholesky went fine
Time taken for CUSOLVER cholesky: 1.674189
time taken by cublas-TMI-inverse = 0.002979
Why yaar? para2 = 19819.087268
Dekho bhai -1.604924
3610.430663
6299.112971
Final gradients of log hyperparams are -1.604924, 3610.430663, 6299.112971
27123.8


 PLEASE-SEE 1 : 1.500000, 1.499795, 1.499642

Dekho bhai naya value AYAA

1.500000
1.499795
1.499642
----------------------------the values are:- 
1.500000
1.499795
1.499642

----------------------------compute_K_train hota hai
Haaaar REE call hua
okay cholesky went fine
Time taken for CUSOLVER cholesky: 1.687567
Determinant is 35774.330594
okay NOW TMI with cublas instead of our call
time taken by cublas-TMI-inverse = 0.002865


 ############# PRODUCT YEH AYA = 90.488161
product vala term = 90.488161
The value of loglikelihood = -27121.759378
Final ll_sum is -27121.759378
Haaaar REE call hua
okay cholesky went fine
Time taken for CUSOLVER cholesky: 1.689789
time taken by cublas-TMI-inverse = 0.002822
Why yaar? para2 = 19819.023678
Dekho bhai -1.605137
3610.690164
6298.821674
Final gradients of log hyperparams are -1.605137, 3610.690164, 6298.821674
27121.8


 PLEASE-SEE 1 : 1.500000, 1.499384, 1.498925

Dekho bhai naya value AYAA

1.500000
1.499384
1.498925
----------------------------the values are:- 
1.500000
1.499384
1.498925

----------------------------compute_K_train hota hai
Haaaar REE call hua
okay cholesky went fine
Time taken for CUSOLVER cholesky: 1.690983
Determinant is 35762.235761
okay NOW TMI with cublas instead of our call
time taken by cublas-TMI-inverse = 0.002827


 ############# PRODUCT YEH AYA = 90.583608
product vala term = 90.583608
The value of loglikelihood = -27115.759685
Final ll_sum is -27115.759685
Haaaar REE call hua
okay cholesky went fine
Time taken for CUSOLVER cholesky: 1.691801
time taken by cublas-TMI-inverse = 0.002857
Why yaar? para2 = 19818.832784
Dekho bhai -1.605777
3611.468540
6297.947851
Final gradients of log hyperparams are -1.605777, 3611.468540, 6297.947851
27115.8


 PLEASE-SEE 1 : 1.500001, 1.498151, 1.496774

Dekho bhai naya value AYAA

1.500001
1.498151
1.496774
----------------------------the values are:- 
1.500001
1.498151
1.496774

----------------------------compute_K_train hota hai
Haaaar REE call hua
okay cholesky went fine
Time taken for CUSOLVER cholesky: 1.691764
Determinant is 35725.954382
okay NOW TMI with cublas instead of our call
time taken by cublas-TMI-inverse = 0.002819


 ############# PRODUCT YEH AYA = 90.870508
product vala term = 90.870508
The value of loglikelihood = -27097.762445
Final ll_sum is -27097.762445
Haaaar REE call hua
okay cholesky went fine
Time taken for CUSOLVER cholesky: 1.691731
time taken by cublas-TMI-inverse = 0.002787
Why yaar? para2 = 19818.258985
Dekho bhai -1.607697
3613.802508
6295.326985
Final gradients of log hyperparams are -1.607697, 3613.802508, 6295.326985
27097.8


 PLEASE-SEE 1 : 1.500002, 1.494453, 1.490321

Dekho bhai naya value AYAA

1.500002
1.494453
1.490321
----------------------------the values are:- 
1.500002
1.494453
1.490321

----------------------------compute_K_train hota hai
Haaaar REE call hua
okay cholesky went fine
Time taken for CUSOLVER cholesky: 1.691560
Determinant is 35617.138322
okay NOW TMI with cublas instead of our call
time taken by cublas-TMI-inverse = 0.002837


 ############# PRODUCT YEH AYA = 91.736254
product vala term = 91.736254
The value of loglikelihood = -27043.787288
Final ll_sum is -27043.787288
Haaaar REE call hua
okay cholesky went fine
Time taken for CUSOLVER cholesky: 1.690143
time taken by cublas-TMI-inverse = 0.002823
Why yaar? para2 = 19816.527493
Dekho bhai -1.613450
3620.793912
6287.469835
Final gradients of log hyperparams are -1.613450, 3620.793912, 6287.469835
27043.8


 PLEASE-SEE 1 : 1.500007, 1.483358, 1.470962

Dekho bhai naya value AYAA

1.500007
1.483358
1.470962
----------------------------the values are:- 
1.500007
1.483358
1.470962

----------------------------compute_K_train hota hai
Haaaar REE call hua
okay cholesky went fine
Time taken for CUSOLVER cholesky: 1.690941
Determinant is 35290.942392
okay NOW TMI with cublas instead of our call
time taken by cublas-TMI-inverse = 0.002843


 ############# PRODUCT YEH AYA = 94.379450
product vala term = 94.379450
The value of loglikelihood = -26882.010921
Final ll_sum is -26882.010921
Haaaar REE call hua
okay cholesky went fine
Time taken for CUSOLVER cholesky: 1.691536
time taken by cublas-TMI-inverse = 0.002820
Why yaar? para2 = 19811.241100
Dekho bhai -1.630650
3641.672330
6263.948221
Final gradients of log hyperparams are -1.630650, 3641.672330, 6263.948221
26882


 PLEASE-SEE 1 : 1.500022, 1.450073, 1.412887

Dekho bhai naya value AYAA

1.500022
1.450073
1.412887
----------------------------the values are:- 
1.500022
1.450073
1.412887

----------------------------compute_K_train hota hai
Haaaar REE call hua
okay cholesky went fine
Time taken for CUSOLVER cholesky: 1.692492
Determinant is 34314.612691
okay NOW TMI with cublas instead of our call
time taken by cublas-TMI-inverse = 0.002827


 ############# PRODUCT YEH AYA = 102.737360
product vala term = 102.737360
The value of loglikelihood = -26398.025025
Final ll_sum is -26398.025025
Haaaar REE call hua
okay cholesky went fine
Time taken for CUSOLVER cholesky: 1.692002
time taken by cublas-TMI-inverse = 0.002823
Why yaar? para2 = 19794.525280
Dekho bhai -1.681668
3703.409946
6193.852694
Final gradients of log hyperparams are -1.681668, 3703.409946, 6193.852694
26398


 PLEASE-SEE 1 : 1.500067, 1.350218, 1.238661

Dekho bhai naya value AYAA

1.500067
1.350218
1.238661
----------------------------the values are:- 
1.500067
1.350218
1.238661

----------------------------compute_K_train hota hai
Haaaar REE call hua
okay cholesky went fine
Time taken for CUSOLVER cholesky: 1.691210
Determinant is 31405.588177
okay NOW TMI with cublas instead of our call
time taken by cublas-TMI-inverse = 0.002855


 ############# PRODUCT YEH AYA = 132.093736
product vala term = 132.093736
The value of loglikelihood = -24958.190957
Final ll_sum is -24958.190957
Haaaar REE call hua
okay cholesky went fine
Time taken for CUSOLVER cholesky: 1.691730
time taken by cublas-TMI-inverse = 0.002800
Why yaar? para2 = 19735.812528
Dekho bhai -1.827506
3879.584902
5988.321362
Final gradients of log hyperparams are -1.827506, 3879.584902, 5988.321362
24958.2


 PLEASE-SEE 1 : 1.500200, 1.050655, 0.715982

Dekho bhai naya value AYAA

1.500200
1.050655
0.715982
----------------------------the values are:- 
1.500200
1.050655
0.715982

----------------------------compute_K_train hota hai
Haaaar REE call hua
okay cholesky went fine
Time taken for CUSOLVER cholesky: 1.691722
Determinant is 22846.480731
okay NOW TMI with cublas instead of our call
time taken by cublas-TMI-inverse = 0.002826


 ############# PRODUCT YEH AYA = 273.266409
product vala term = 273.266409
The value of loglikelihood = -20749.223570
Final ll_sum is -20749.223570
Haaaar REE call hua
okay cholesky went fine
Time taken for CUSOLVER cholesky: 1.692511
time taken by cublas-TMI-inverse = 0.002833
Why yaar? para2 = 19453.467182
Dekho bhai -2.140160
4300.583658
5426.149933
Final gradients of log hyperparams are -2.140160, 4300.583658, 5426.149933
20749.2


 PLEASE-SEE 1 : 1.500599, 0.151965, -0.852053

Dekho bhai naya value AYAA

1.500599
0.151965
-0.852053
----------------------------the values are:- 
1.500599
0.151965
-0.852053

----------------------------compute_K_train hota hai
Haaaar REE call hua
okay cholesky went fine
Time taken for CUSOLVER cholesky: 1.691574
Determinant is -1709.248937
okay NOW TMI with cublas instead of our call
time taken by cublas-TMI-inverse = 0.002818


 ############# PRODUCT YEH AYA = 2017.848024
product vala term = 2017.848024
The value of loglikelihood = -9343.649544
Final ll_sum is -9343.649544
Haaaar REE call hua
okay cholesky went fine
Time taken for CUSOLVER cholesky: 1.692848
time taken by cublas-TMI-inverse = 0.002824
Why yaar? para2 = 15964.303952
Dekho bhai 0.598869
3657.154528
4324.997448
Final gradients of log hyperparams are 0.598869, 3657.154528, 4324.997448
9343.65


 PLEASE-SEE 1 : 1.501476, -1.820801, -4.294138

Dekho bhai naya value AYAA

1.501476
-1.820801
-4.294138
----------------------------the values are:- 
1.501476
-1.820801
-4.294138

----------------------------compute_K_train hota hai
Haaaar REE call hua
okay cholesky went fine
Time taken for CUSOLVER cholesky: 1.693424
Determinant is -53402.752020
okay NOW TMI with cublas instead of our call
time taken by cublas-TMI-inverse = 0.002848


 ############# PRODUCT YEH AYA = 113083.064836
product vala term = 113083.064836
The value of loglikelihood = -39029.506408
Final ll_sum is -39029.506408
Haaaar REE call hua
okay cholesky went fine
Time taken for CUSOLVER cholesky: 1.690980
time taken by cublas-TMI-inverse = 0.002797
Why yaar? para2 = -206166.129672
Dekho bhai 279.908557
-106576.022446
3492.957610
Final gradients of log hyperparams are 279.908557, -106576.022446, 3492.957610
39029.5


 PLEASE-SEE  2: 1.500593, 0.166902, -0.825992

Dekho bhai naya value AYAA

1.500593
0.166902
-0.825992
----------------------------the values are:- 
1.500593
0.166902
-0.825992

----------------------------compute_K_train hota hai
Haaaar REE call hua
okay cholesky went fine
Time taken for CUSOLVER cholesky: 1.692004
Determinant is -1310.542892
okay NOW TMI with cublas instead of our call
time taken by cublas-TMI-inverse = 0.002830


 ############# PRODUCT YEH AYA = 1954.897843
product vala term = 1954.897843
The value of loglikelihood = -9511.527475
Final ll_sum is -9511.527475
Haaaar REE call hua
okay cholesky went fine
Time taken for CUSOLVER cholesky: 1.692436
time taken by cublas-TMI-inverse = 0.002803
Why yaar? para2 = 16090.204314
Dekho bhai 0.461539
3708.230283
4336.871874
Final gradients of log hyperparams are 0.461539, 3708.230283, 4336.871874
9343.65


 PLEASE-SEE  2: 1.500783, -0.262023, -1.574381

Dekho bhai naya value AYAA

1.500783
-0.262023
-1.574381
----------------------------the values are:- 
1.500783
-0.262023
-1.574381

----------------------------compute_K_train hota hai
Haaaar REE call hua
okay cholesky went fine
Time taken for CUSOLVER cholesky: 1.691911
Determinant is -12685.355214
okay NOW TMI with cublas instead of our call
time taken by cublas-TMI-inverse = 0.002839


 ############# PRODUCT YEH AYA = 4797.841636
product vala term = 4797.841636
The value of loglikelihood = -5245.593211
Final ll_sum is -5245.593211
Haaaar REE call hua
okay cholesky went fine
Time taken for CUSOLVER cholesky: 1.693193
time taken by cublas-TMI-inverse = 0.002827
Why yaar? para2 = 10404.316729
Dekho bhai 7.088720
1146.841375
4055.316989
Final gradients of log hyperparams are 7.088720, 1146.841375, 4055.316989
5245.59


 PLEASE-SEE  2: 1.500879, -0.476386, -1.948401

Dekho bhai naya value AYAA

1.500879
-0.476386
-1.948401
----------------------------the values are:- 
1.500879
-0.476386
-1.948401

----------------------------compute_K_train hota hai
Haaaar REE call hua
okay cholesky went fine
Time taken for CUSOLVER cholesky: 1.693427
Determinant is -18325.597921
okay NOW TMI with cublas instead of our call
time taken by cublas-TMI-inverse = 0.002834


 ############# PRODUCT YEH AYA = 7459.658665
product vala term = 7459.658665
The value of loglikelihood = -3756.380372
Final ll_sum is -3756.380372
Haaaar REE call hua
okay cholesky went fine
Time taken for CUSOLVER cholesky: 1.693035
time taken by cublas-TMI-inverse = 0.002819
Why yaar? para2 = 5080.682670
Dekho bhai 13.579535
-1410.219462
3950.560798
Final gradients of log hyperparams are 13.579535, -1410.219462, 3950.560798
3756.38


 PLEASE-SEE  2: 1.500938, -0.610828, -2.182975

Dekho bhai naya value AYAA

1.500938
-0.610828
-2.182975
----------------------------the values are:- 
1.500938
-0.610828
-2.182975

----------------------------compute_K_train hota hai
Haaaar REE call hua
okay cholesky went fine
Time taken for CUSOLVER cholesky: 1.690960
Determinant is -21852.400409
okay NOW TMI with cublas instead of our call
time taken by cublas-TMI-inverse = 0.002864


 ############# PRODUCT YEH AYA = 9821.271745
product vala term = 9821.271745
The value of loglikelihood = -3173.785668
Final ll_sum is -3173.785668
Haaaar REE call hua
okay cholesky went fine
Time taken for CUSOLVER cholesky: 1.692661
time taken by cublas-TMI-inverse = 0.002831
Why yaar? para2 = 357.456509
Dekho bhai 19.410807
-3714.540122
3893.268376
Final gradients of log hyperparams are 19.410807, -3714.540122, 3893.268376
3173.79


 PLEASE-SEE  2: 1.500992, -0.731825, -2.394091

Dekho bhai naya value AYAA

1.500992
-0.731825
-2.394091
----------------------------the values are:- 
1.500992
-0.731825
-2.394091

----------------------------compute_K_train hota hai
Haaaar REE call hua
okay cholesky went fine
Time taken for CUSOLVER cholesky: 1.691514
Determinant is -25020.923639
okay NOW TMI with cublas instead of our call
